============================= test session starts =============================
platform win32 -- Python 3.13.9, pytest-9.1.1, pluggy-1.6.0 -- C:\Users\sce24\AppData\Local\Programs\Python\Python313\python.exe
cachedir: .pytest_cache
rootdir: C:\Users\sce24\Desktop\sih-project\Block-Sentinal
configfile: pytest.ini
plugins: anyio-4.14.2
collecting ... collected 525 items

tests\test_bigearthnet_phase15.py::test_01_bigearthnet_patch_structure_discovery PASSED [  0%]
tests\test_bigearthnet_phase15.py::test_02_read_only_inspection_complete_dataset PASSED [  0%]
tests\test_bigearthnet_phase15.py::test_03_read_only_inspection_missing_and_corrupt_bands PASSED [  0%]
tests\test_bigearthnet_phase15.py::test_04_deterministic_per_band_and_compound_hashing PASSED [  0%]
tests\test_bigearthnet_phase15.py::test_05_single_band_byte_tampering_detection PASSED [  0%]
tests\test_bigearthnet_phase15.py::test_06_metadata_label_tampering_detection PASSED [  1%]
tests\test_bigearthnet_phase15.py::test_07_bigearthnet_parser_sample_records PASSED [  1%]
tests\test_bigearthnet_phase15.py::test_08_dataset_ingestion_and_merkle_sealing FAILED [  1%]
tests\test_bigearthnet_phase15.py::test_09_manifest_verification_pass_and_tamper PASSED [  1%]
tests\test_bigearthnet_phase15.py::test_10_spectral_feature_extraction_and_indices PASSED [  1%]
tests\test_bigearthnet_phase15.py::test_11_true_color_rgb_composite_generation PASSED [  2%]
tests\test_bigearthnet_phase15.py::test_12_perceptual_hashing_and_duplicate_patch_detection FAILED [  2%]
tests\test_bigearthnet_phase15.py::test_13_eo_spectral_distribution_drift_evaluation PASSED [  2%]
tests\test_bigearthnet_phase15.py::test_14_synthetic_eo_model_inference_dna_chain PASSED [  2%]
tests\test_bigearthnet_phase15.py::test_15_provenance_graph_lineage_bigearthnet FAILED [  2%]
tests\test_bigearthnet_phase15.py::test_16_forensic_report_generation_for_eo_dataset PASSED [  3%]
tests\test_bigearthnet_phase15.py::test_17_api_bigearthnet_inspect_endpoint FAILED [  3%]
tests\test_bigearthnet_phase15.py::test_18_api_bigearthnet_ingest_endpoint FAILED [  3%]
tests\test_bigearthnet_phase15.py::test_19_cli_inspect_and_ingest_bigearthnet PASSED [  3%]
tests\test_bigearthnet_phase15.py::test_20_air_gap_zero_network_execution_eo_pipeline FAILED [  3%]
tests\test_config.py::test_settings_configuration PASSED                 [  4%]
tests\test_crypto.py::test_canonical_json_invariance PASSED              [  4%]
tests\test_crypto.py::test_canonical_json_datetime_serialization PASSED  [  4%]
tests\test_crypto.py::test_hash_file_and_missing_file PASSED             [  4%]
tests\test_crypto.py::test_merkle_tree_empty_and_single PASSED           [  4%]
tests\test_crypto.py::test_merkle_tree_proof_and_verification PASSED     [  4%]
tests\test_crypto.py::test_ecdsa_signing_and_verification PASSED         [  5%]
tests\test_crypto.py::test_hash_chain_creation_and_tamper_detection PASSED [  5%]
tests\test_crypto.py::test_api_crypto_hash PASSED                        [  5%]
tests\test_crypto.py::test_api_crypto_merkle_build_and_verify PASSED     [  5%]
tests\test_crypto.py::test_api_crypto_sign_and_verify PASSED             [  5%]
tests\test_crypto.py::test_api_crypto_chain_verify PASSED                [  6%]
tests\test_crypto_phase2.py::test_canonical_json_key_sorting_and_nesting PASSED [  6%]
tests\test_crypto_phase2.py::test_canonical_json_unicode_and_types PASSED [  6%]
tests\test_crypto_phase2.py::test_canonical_json_iso_datetime PASSED     [  6%]
tests\test_crypto_phase2.py::test_sha256_nist_test_vectors PASSED        [  6%]
tests\test_crypto_phase2.py::test_sha256_avalanche_effect PASSED         [  7%]
tests\test_crypto_phase2.py::test_merkle_tree_proofs_across_sizes[1] PASSED [  7%]
tests\test_crypto_phase2.py::test_merkle_tree_proofs_across_sizes[2] PASSED [  7%]
tests\test_crypto_phase2.py::test_merkle_tree_proofs_across_sizes[3] PASSED [  7%]
tests\test_crypto_phase2.py::test_merkle_tree_proofs_across_sizes[4] PASSED [  7%]
tests\test_crypto_phase2.py::test_merkle_tree_proofs_across_sizes[5] PASSED [  8%]
tests\test_crypto_phase2.py::test_merkle_tree_proofs_across_sizes[8] PASSED [  8%]
tests\test_crypto_phase2.py::test_merkle_tree_proofs_across_sizes[10] PASSED [  8%]
tests\test_crypto_phase2.py::test_merkle_tree_proofs_across_sizes[50] PASSED [  8%]
tests\test_crypto_phase2.py::test_merkle_tree_proofs_across_sizes[100] PASSED [  8%]
tests\test_crypto_phase2.py::test_merkle_tree_tampered_proof_steps PASSED [  8%]
tests\test_crypto_phase2.py::test_ecdsa_keypair_isolation_and_mismatched_keys PASSED [  9%]
tests\test_crypto_phase2.py::test_ecdsa_corrupted_signature_der PASSED   [  9%]
tests\test_crypto_phase2.py::test_hash_chain_tamper_vectors PASSED       [  9%]
tests\test_crypto_phase2.py::test_tamper_scenario_dataset_manifest PASSED [  9%]
tests\test_crypto_phase2.py::test_tamper_scenario_model_weights PASSED   [  9%]
tests\test_crypto_phase2.py::test_tamper_scenario_assurance_report PASSED [ 10%]
tests\test_crypto_phase2.py::test_api_crypto_security_no_private_key_exposure PASSED [ 10%]
tests\test_crypto_phase2.py::test_api_crypto_merkle_empty_and_tampered PASSED [ 10%]
tests\test_crypto_phase2.py::test_cryptographic_performance_baseline PASSED [ 10%]
tests\test_dashboard.py::test_system_overview_metrics PASSED             [ 10%]
tests\test_dashboard.py::test_activity_timeline_ordering PASSED          [ 11%]
tests\test_dashboard.py::test_investigate_entity_lineage FAILED          [ 11%]
tests\test_dashboard.py::test_contributor_leaderboard PASSED             [ 11%]
tests\test_dashboard.py::test_api_dashboard_endpoints PASSED             [ 11%]
tests\test_dashboard_phase13.py::test_01_dashboard_root_loads PASSED     [ 11%]
tests\test_dashboard_phase13.py::test_02_system_health_endpoint PASSED   [ 12%]
tests\test_dashboard_phase13.py::test_03_dataset_listing FAILED          [ 12%]
tests\test_dashboard_phase13.py::test_04_dataset_detail_handling PASSED  [ 12%]
tests\test_dashboard_phase13.py::test_05_model_listing FAILED            [ 12%]
tests\test_dashboard_phase13.py::test_06_model_detail_handling PASSED    [ 12%]
tests\test_dashboard_phase13.py::test_07_inference_records_listing FAILED [ 12%]
tests\test_dashboard_phase13.py::test_08_drift_baselines_and_reports FAILED [ 13%]
tests\test_dashboard_phase13.py::test_09_evidence_registry_listing FAILED [ 13%]
tests\test_dashboard_phase13.py::test_10_fusion_assessments_listing FAILED [ 13%]
tests\test_dashboard_phase13.py::test_11_quarantine_listing_and_flow PASSED [ 13%]
tests\test_dashboard_phase13.py::test_12_graph_export FAILED             [ 13%]
tests\test_dashboard_phase13.py::test_13_upstream_lineage_navigation PASSED [ 14%]
tests\test_dashboard_phase13.py::test_14_downstream_lineage_navigation PASSED [ 14%]
tests\test_dashboard_phase13.py::test_15_blast_radius_calculation FAILED [ 14%]
tests\test_dashboard_phase13.py::test_16_contributor_risk_profile FAILED [ 14%]
tests\test_dashboard_phase13.py::test_17_redteam_scorecard_and_coverage FAILED [ 14%]
tests\test_dashboard_phase13.py::test_18_report_listing FAILED           [ 15%]
tests\test_dashboard_phase13.py::test_19_report_verification PASSED      [ 15%]
tests\test_dashboard_phase13.py::test_20_report_export_formats PASSED    [ 15%]
tests\test_dashboard_phase13.py::test_21_invalid_api_input_handling PASSED [ 15%]
tests\test_dashboard_phase13.py::test_22_xss_and_html_escaping PASSED    [ 15%]
tests\test_dashboard_phase13.py::test_23_offline_assets_served_locally PASSED [ 16%]
tests\test_dashboard_phase13.py::test_24_zero_external_network_dependencies PASSED [ 16%]
tests\test_dashboard_phase13.py::test_25_all_13_views_present_in_dom PASSED [ 16%]
tests\test_database.py::test_full_evidence_relational_lineage PASSED     [ 16%]
tests\test_database.py::test_foreign_key_enforcement PASSED              [ 16%]
tests\test_database.py::test_unique_nonce_and_sequence_constraints PASSED [ 16%]
tests\test_datasets.py::test_directory_parser PASSED                     [ 17%]
tests\test_datasets.py::test_yolo_parser PASSED                          [ 17%]
tests\test_datasets.py::test_coco_parser PASSED                          [ 17%]
tests\test_datasets.py::test_ingestion_engine_and_tamper_detection PASSED [ 17%]
tests\test_datasets.py::test_api_dataset_endpoints PASSED                [ 17%]
tests\test_datasets_phase3.py::test_directory_parser_and_auto_detection PASSED [ 18%]
tests\test_datasets_phase3.py::test_coco_parser_and_annotations PASSED   [ 18%]
tests\test_datasets_phase3.py::test_yolo_parser_parallel_labels PASSED   [ 18%]
tests\test_datasets_phase3.py::test_ingestion_engine_merkle_and_digital_signature PASSED [ 18%]
tests\test_datasets_phase3.py::test_manifest_tampering_detection PASSED  [ 18%]
tests\test_datasets_phase3.py::test_dataset_database_registration PASSED [ 19%]
tests\test_datasets_phase3.py::test_empty_dataset_rejection PASSED       [ 19%]
tests\test_datasets_phase3.py::test_missing_directory_rejection PASSED   [ 19%]
tests\test_datasets_phase3.py::test_large_dataset_streaming_throughput[10] PASSED [ 19%]
tests\test_datasets_phase3.py::test_large_dataset_streaming_throughput[50] PASSED [ 19%]
tests\test_datasets_phase3.py::test_large_dataset_streaming_throughput[100] PASSED [ 20%]
tests\test_datasets_phase3.py::test_api_dataset_ingestion_and_get PASSED [ 20%]
tests\test_datasets_phase3.py::test_cli_ingest_dataset_command PASSED    [ 20%]
tests\test_drift.py::test_statistical_distances_identical_vs_disjoint PASSED [ 20%]
tests\test_drift.py::test_image_distribution_feature_extraction PASSED   [ 20%]
tests\test_drift.py::test_no_drift_evaluation PASSED                     [ 20%]
tests\test_drift.py::test_sensor_degradation_shift PASSED                [ 21%]
tests\test_drift.py::test_operational_environmental_shift PASSED         [ 21%]
tests\test_drift.py::test_adversarial_anomaly_quarantine PASSED          [ 21%]
tests\test_drift.py::test_api_drift_endpoints PASSED                     [ 21%]
tests\test_drift_phase8.py::test_four_statistical_metrics_on_identical_distributions PASSED [ 21%]
tests\test_drift_phase8.py::test_four_statistical_metrics_on_disjoint_distributions PASSED [ 22%]
tests\test_drift_phase8.py::test_statistical_metrics_numerical_edge_cases PASSED [ 22%]
tests\test_drift_phase8.py::test_image_feature_extraction_and_summary_moments PASSED [ 22%]
tests\test_drift_phase8.py::test_baseline_profile_creation_signing_and_verification PASSED [ 22%]
tests\test_drift_phase8.py::test_baseline_tamper_detection PASSED        [ 22%]
tests\test_drift_phase8.py::test_baseline_identity_mismatch_rejection PASSED [ 23%]
tests\test_drift_phase8.py::test_no_drift_evaluation PASSED              [ 23%]
tests\test_drift_phase8.py::test_single_feature_drift_isolation PASSED   [ 23%]
tests\test_drift_phase8.py::test_severe_adversarial_drift_and_quarantine PASSED [ 23%]
tests\test_drift_phase8.py::test_api_drift_lifecycle_and_baselines PASSED [ 23%]
tests\test_drift_phase8.py::test_cli_create_baseline_and_analyze_drift PASSED [ 24%]
tests\test_e2e_pipeline.py::test_full_lifecycle_clean_asset_acceptance FAILED [ 24%]
tests\test_e2e_pipeline.py::test_full_lifecycle_attack_interception_and_quarantine FAILED [ 24%]
tests\test_e2e_pipeline.py::test_hash_chain_tamper_stress PASSED         [ 24%]
tests\test_e2e_pipeline.py::test_offline_air_gap_operation PASSED        [ 24%]
tests\test_final_delivery_phase16.py::test_01_clean_environment_initialization FAILED [ 24%]
tests\test_final_delivery_phase16.py::test_02_full_pipeline_demo_script_execution FAILED [ 25%]
tests\test_final_delivery_phase16.py::test_03_tamper_demo_script_execution PASSED [ 25%]
tests\test_final_delivery_phase16.py::test_04_drift_demo_script_execution PASSED [ 25%]
tests\test_final_delivery_phase16.py::test_05_deterministic_end_to_end_assurance_chain PASSED [ 25%]
tests\test_final_delivery_phase16.py::test_06_model_weight_tamper_and_hard_veto FAILED [ 25%]
tests\test_final_delivery_phase16.py::test_07_inference_dna_replay_detection FAILED [ 26%]
tests\test_final_delivery_phase16.py::test_08_benign_drift_no_false_alarm_quarantine PASSED [ 26%]
tests\test_final_delivery_phase16.py::test_09_provenance_graph_bidirectional_traversal PASSED [ 26%]
tests\test_final_delivery_phase16.py::test_10_forensic_report_tamper_invalidation PASSED [ 26%]
tests\test_final_delivery_phase16.py::test_11_readiness_probe_all_subsystems_healthy FAILED [ 26%]
tests\test_final_delivery_phase16.py::test_12_zero_remote_calls_air_gap_validation PASSED [ 27%]
tests\test_final_delivery_phase16.py::test_13_security_claims_documentation_consistency PASSED [ 27%]
tests\test_final_delivery_phase16.py::test_14_repository_hygiene_no_private_keys_committed PASSED [ 27%]
tests\test_fingerprint.py::test_battery_probe_generation_determinism PASSED [ 27%]
tests\test_fingerprint.py::test_perturbation_transformations_invariants PASSED [ 27%]
tests\test_fingerprint.py::test_fingerprint_generation_reproducibility PASSED [ 28%]
tests\test_fingerprint.py::test_fingerprint_comparison_identical_and_divergent PASSED [ 28%]
tests\test_fingerprint.py::test_api_fingerprint_endpoints PASSED         [ 28%]
tests\test_fingerprint_phase6.py::test_battery_probe_generation_determinism_phase6 PASSED [ 28%]
tests\test_fingerprint_phase6.py::test_perturbation_sensitivity_matrix PASSED [ 28%]
tests\test_fingerprint_phase6.py::test_pytorch_model_behavioral_execution FAILED [ 28%]
tests\test_fingerprint_phase6.py::test_fingerprint_reproducibility_and_canonical_digest FAILED [ 29%]
tests\test_fingerprint_phase6.py::test_behavioral_divergence_on_tampered_model FAILED [ 29%]
tests\test_fingerprint_phase6.py::test_benign_numerical_tolerance FAILED [ 29%]
tests\test_fingerprint_phase6.py::test_api_fingerprint_endpoints_phase6 FAILED [ 29%]
tests\test_fingerprint_phase6.py::test_cli_fingerprint_and_verify_behavior FAILED [ 29%]
tests\test_foundation_phase1.py::test_settings_ensure_directories_idempotency PASSED [ 30%]
tests\test_foundation_phase1.py::test_init_db_schema_creation PASSED     [ 30%]
tests\test_foundation_phase1.py::test_all_14_api_routers_accessible PASSED [ 30%]
tests\test_foundation_phase1.py::test_cli_foundation PASSED              [ 30%]
tests\test_frontend_contract.py::TestUploadContract::test_upload_returns_real_scan_session_envelope PASSED [ 30%]
tests\test_frontend_contract.py::TestUploadContract::test_poll_unknown_scan_returns_404 PASSED [ 31%]
tests\test_frontend_contract.py::TestUploadContract::test_error_envelope_shape_is_stable PASSED [ 31%]
tests\test_frontend_contract.py::TestScanLifecycleContract::test_full_scan_preserves_backend_states PASSED [ 31%]
tests\test_frontend_contract.py::TestScanLifecycleContract::test_completed_scan_assessment_contract PASSED [ 31%]
tests\test_frontend_contract.py::TestScanLifecycleContract::test_unavailable_modules_are_reported_not_assumed PASSED [ 31%]
tests\test_frontend_contract.py::TestLedgerContract::test_ledger_verify_shape PASSED [ 32%]
tests\test_frontend_contract.py::TestLedgerContract::test_ledger_events_shape PASSED [ 32%]
tests\test_frontend_contract.py::TestLedgerContract::test_analyst_decision_is_persisted_signed_and_retrievable PASSED [ 32%]
tests\test_frontend_contract.py::TestLedgerContract::test_analyst_decision_rejects_invalid_value PASSED [ 32%]
tests\test_frontend_contract.py::TestLedgerContract::test_ledger_still_valid_after_decisions PASSED [ 32%]
tests\test_frontend_contract.py::TestGraphAndReadinessContract::test_graph_export_shape PASSED [ 32%]
tests\test_frontend_contract.py::TestGraphAndReadinessContract::test_contributor_risk_endpoint_contract PASSED [ 33%]
tests\test_frontend_contract.py::TestGraphAndReadinessContract::test_readiness_contract PASSED [ 33%]
tests\test_frontend_contract.py::TestServedDashboardContract::test_app_js_makes_no_local_crypto_verdict PASSED [ 33%]
tests\test_frontend_contract.py::TestServedDashboardContract::test_app_js_preserves_unavailable_state PASSED [ 33%]
tests\test_frontend_contract.py::TestServedDashboardContract::test_api_client_exposes_ledger_and_decisions PASSED [ 33%]
tests\test_fusion.py::test_clean_evidence_accepted PASSED                [ 34%]
tests\test_fusion.py::test_critical_evidence_quarantined PASSED          [ 34%]
tests\test_fusion.py::test_cross_layer_correlation_backdoor PASSED       [ 34%]
tests\test_fusion.py::test_cross_layer_correlation_model_substitution PASSED [ 34%]
tests\test_fusion.py::test_cross_layer_correlation_adversarial_evasion PASSED [ 34%]
tests\test_fusion.py::test_cross_layer_correlation_benign_environmental PASSED [ 35%]
tests\test_fusion.py::test_evidence_coverage_calculation PASSED          [ 35%]
tests\test_fusion.py::test_api_fusion_endpoints PASSED                   [ 35%]
tests\test_fusion_phase9.py::test_single_low_severity_evidence_accepted PASSED [ 35%]
tests\test_fusion_phase9.py::test_multiple_low_risk_evidence_aggregation PASSED [ 35%]
tests\test_fusion_phase9.py::test_medium_and_high_evidence_aggregation PASSED [ 36%]
tests\test_fusion_phase9.py::test_hard_cryptographic_veto_overrides_low_evidence PASSED [ 36%]
tests\test_fusion_phase9.py::test_hard_broken_inference_chain_veto PASSED [ 36%]
tests\test_fusion_phase9.py::test_hard_model_identity_mismatch_veto PASSED [ 36%]
tests\test_fusion_phase9.py::test_drift_alone_does_not_automatically_quarantine PASSED [ 36%]
tests\test_fusion_phase9.py::test_corroboration_drift_plus_behavioral_divergence PASSED [ 36%]
tests\test_fusion_phase9.py::test_corroboration_drift_plus_model_integrity_failure PASSED [ 37%]
tests\test_fusion_phase9.py::test_corroboration_dataset_anomaly_plus_behavior_change PASSED [ 37%]
tests\test_fusion_phase9.py::test_subject_mismatch_model_id_rejected PASSED [ 37%]
tests\test_fusion_phase9.py::test_subject_mismatch_dataset_id_rejected PASSED [ 37%]
tests\test_fusion_phase9.py::test_deterministic_repeated_fusion PASSED   [ 37%]
tests\test_fusion_phase9.py::test_empty_evidence_set PASSED              [ 38%]
tests\test_fusion_phase9.py::test_quarantine_lifecycle_and_resolution PASSED [ 38%]
tests\test_fusion_phase9.py::test_rest_api_evidence_and_fusion_lifecycle PASSED [ 38%]
tests\test_fusion_phase9.py::test_cli_evidence_and_fusion_commands PASSED [ 38%]
tests\test_graph.py::test_graph_node_and_edge_addition PASSED            [ 38%]
tests\test_graph.py::test_build_lineage PASSED                           [ 39%]
tests\test_graph.py::test_trace_lineage_upstream_and_downstream PASSED   [ 39%]
tests\test_graph.py::test_contributor_risk_clean_accepted PASSED         [ 39%]
tests\test_graph.py::test_contributor_risk_penalties_quarantined PASSED  [ 39%]
tests\test_graph.py::test_export_graph_digest PASSED                     [ 39%]
tests\test_graph.py::test_api_graph_endpoints PASSED                     [ 40%]
tests\test_graph_phase10.py::test_01_node_creation PASSED                [ 40%]
tests\test_graph_phase10.py::test_02_edge_creation PASSED                [ 40%]
tests\test_graph_phase10.py::test_03_duplicate_node_prevention PASSED    [ 40%]
tests\test_graph_phase10.py::test_04_invalid_edge_rejection PASSED       [ 40%]
tests\test_graph_phase10.py::test_05_dataset_training_lineage PASSED     [ 40%]
tests\test_graph_phase10.py::test_06_training_model_lineage PASSED       [ 41%]
tests\test_graph_phase10.py::test_07_model_inference_lineage PASSED      [ 41%]
tests\test_graph_phase10.py::test_08_inference_output_lineage PASSED     [ 41%]
tests\test_graph_phase10.py::test_09_evidence_attachment PASSED          [ 41%]
tests\test_graph_phase10.py::test_10_fusion_assessment_attachment PASSED [ 41%]
tests\test_graph_phase10.py::test_11_quarantine_attachment PASSED        [ 42%]
tests\test_graph_phase10.py::test_12_upstream_traversal PASSED           [ 42%]
tests\test_graph_phase10.py::test_13_downstream_traversal PASSED         [ 42%]
tests\test_graph_phase10.py::test_14_multi_hop_traversal PASSED          [ 42%]
tests\test_graph_phase10.py::test_15_blast_radius_calculation PASSED     [ 42%]
tests\test_graph_phase10.py::test_16_contributor_history PASSED          [ 43%]
tests\test_graph_phase10.py::test_17_contributor_risk_explanation PASSED [ 43%]
tests\test_graph_phase10.py::test_18_cross_dataset_mismatch_rejection PASSED [ 43%]
tests\test_graph_phase10.py::test_19_cross_model_mismatch_rejection PASSED [ 43%]
tests\test_graph_phase10.py::test_20_graph_tamper_detection PASSED       [ 43%]
tests\test_graph_phase10.py::test_21_graph_digest_verification PASSED    [ 44%]
tests\test_graph_phase10.py::test_22_orphan_detection PASSED             [ 44%]
tests\test_graph_phase10.py::test_23_duplicate_edge_handling PASSED      [ 44%]
tests\test_graph_phase10.py::test_24_empty_graph_handling PASSED         [ 44%]
tests\test_graph_phase10.py::test_25_api_lifecycle PASSED                [ 44%]
tests\test_graph_phase10.py::test_26_cli_lifecycle PASSED                [ 44%]
tests\test_graph_phase10.py::test_27_persistence_across_restart PASSED   [ 45%]
tests\test_graph_phase10.py::test_28_deterministic_serialization PASSED  [ 45%]
tests\test_graph_phase10.py::test_29_synthetic_graph_scalability_benchmark PASSED [ 45%]
tests\test_graph_phase10.py::test_30_full_integration_phase9 PASSED      [ 45%]
tests\test_hardening_phase14.py::test_01_component_latency_profiling PASSED [ 45%]
tests\test_hardening_phase14.py::test_02_large_dataset_merkle_scaling PASSED [ 46%]
tests\test_hardening_phase14.py::test_03_model_inspection_and_deserialization_safety FAILED [ 46%]
tests\test_hardening_phase14.py::test_04_inference_concurrency_and_thread_safety PASSED [ 46%]
tests\test_hardening_phase14.py::test_05_drift_numerical_stability PASSED [ 46%]
tests\test_hardening_phase14.py::test_06_graph_scaling_and_traversal PASSED [ 46%]
tests\test_hardening_phase14.py::test_07_api_malformed_input_rejection FAILED [ 47%]
tests\test_hardening_phase14.py::test_08_database_wal_mode_and_persistence FAILED [ 47%]
tests\test_hardening_phase14.py::test_09_subsystem_readiness_probe FAILED [ 47%]
tests\test_hardening_phase14.py::test_10_zero_external_network_dependencies_audit PASSED [ 47%]
tests\test_hardening_phase14.py::test_11_configuration_hardening PASSED  [ 47%]
tests\test_hardening_phase14.py::test_12_path_traversal_defense PASSED   [ 48%]
tests\test_hardening_phase14.py::test_13_hard_veto_enforcement FAILED    [ 48%]
tests\test_hardening_phase14.py::test_14_documentation_files_exist PASSED [ 48%]
tests\test_hardening_phase14.py::test_15_large_graph_depth_filtering_and_blast_radius PASSED [ 48%]
tests\test_hardening_phase14.py::test_16_forensic_report_signature_tamper_defense PASSED [ 48%]
tests\test_hardening_phase14.py::test_17_replay_defense_with_duplicate_nonces FAILED [ 48%]
tests\test_hardening_phase14.py::test_18_zero_telemetry_beacon_routes PASSED [ 49%]
tests\test_hardening_phase14.py::test_19_sqlite_concurrent_readers PASSED [ 49%]
tests\test_hardening_phase14.py::test_20_offline_launcher_scripts_exist PASSED [ 49%]
tests\test_health.py::test_health_endpoint PASSED                        [ 49%]
tests\test_health.py::test_status_endpoint PASSED                        [ 49%]
tests\test_inference.py::test_deterministic_tuple_dna_calculation PASSED [ 50%]
tests\test_inference.py::test_sequential_sequence_ids_and_unique_nonces PASSED [ 50%]
tests\test_inference.py::test_valid_inference_dna_verification PASSED    [ 50%]
tests\test_inference.py::test_tamper_detection_in_inference_record PASSED [ 50%]
tests\test_inference.py::test_signature_forgery_and_key_mismatch_detection PASSED [ 50%]
tests\test_inference.py::test_replay_attack_nonce_rejection PASSED       [ 51%]
tests\test_inference.py::test_api_inference_flow_execute_and_verify FAILED [ 51%]
tests\test_inference_phase7.py::test_canonical_tuple_dna_determinism PASSED [ 51%]
tests\test_inference_phase7.py::test_dna_record_creation_and_fields PASSED [ 51%]
tests\test_inference_phase7.py::test_hash_chain_sequential_linking PASSED [ 51%]
tests\test_inference_phase7.py::test_distinction_authenticity_vs_freshness PASSED [ 52%]
tests\test_inference_phase7.py::test_adversarial_nonce_reuse_generator_rejection PASSED [ 52%]
tests\test_inference_phase7.py::test_adversarial_record_deletion_from_chain PASSED [ 52%]
tests\test_inference_phase7.py::test_adversarial_record_insertion_or_reordering PASSED [ 52%]
tests\test_inference_phase7.py::test_adversarial_input_hash_tampering PASSED [ 52%]
tests\test_inference_phase7.py::test_adversarial_output_hash_tampering PASSED [ 52%]
tests\test_inference_phase7.py::test_adversarial_model_substitution PASSED [ 53%]
tests\test_inference_phase7.py::test_adversarial_timestamp_and_metadata_tampering PASSED [ 53%]
tests\test_inference_phase7.py::test_adversarial_signature_forgery PASSED [ 53%]
tests\test_inference_phase7.py::test_local_storage_persistence_and_loading PASSED [ 53%]
tests\test_inference_phase7.py::test_concurrent_inference_sequence_monotonicity PASSED [ 53%]
tests\test_inference_phase7.py::test_private_key_isolation_in_all_outputs PASSED [ 54%]
tests\test_inference_phase7.py::test_rest_api_chain_verification_endpoint FAILED [ 54%]
tests\test_inference_phase7.py::test_rest_api_get_record_by_id FAILED    [ 54%]
tests\test_inference_phase7.py::test_cli_record_verify_and_audit PASSED  [ 54%]
tests\test_integrity.py::test_perceptual_hasher_and_hamming_distance PASSED [ 54%]
tests\test_integrity.py::test_exact_and_near_duplicate_detector PASSED   [ 55%]
tests\test_integrity.py::test_label_inconsistency_detector PASSED        [ 55%]
tests\test_integrity.py::test_quality_and_ood_detector PASSED            [ 55%]
tests\test_integrity.py::test_trigger_backdoor_detector PASSED           [ 55%]
tests\test_integrity.py::test_data_integrity_engine_end_to_end PASSED    [ 55%]
tests\test_integrity.py::test_api_integrity_endpoints PASSED             [ 56%]
tests\test_integrity_phase4.py::test_perceptual_hasher_invariance_and_distance PASSED [ 56%]
tests\test_integrity_phase4.py::test_exact_duplicate_detection_multi_group PASSED [ 56%]
tests\test_integrity_phase4.py::test_near_duplicate_clustering PASSED    [ 56%]
tests\test_integrity_phase4.py::test_label_inconsistency_detection PASSED [ 56%]
tests\test_integrity_phase4.py::test_quality_and_ood_anomalies PASSED    [ 56%]
tests\test_integrity_phase4.py::test_trigger_backdoor_corner_detection PASSED [ 57%]
tests\test_integrity_phase4.py::test_health_score_and_dispositions PASSED [ 57%]
tests\test_integrity_phase4.py::test_api_integrity_audit_alias_and_loading PASSED [ 57%]
tests\test_integrity_phase4.py::test_cli_audit_integrity PASSED          [ 57%]
tests\test_ledger.py::test_append_event PASSED                           [ 57%]
tests\test_ledger.py::test_append_multiple_events PASSED                 [ 58%]
tests\test_ledger.py::test_verify_chain_empty PASSED                     [ 58%]
tests\test_ledger.py::test_verify_chain_valid PASSED                     [ 58%]
tests\test_ledger.py::test_verify_chain_modified_event PASSED            [ 58%]
tests\test_ledger.py::test_verify_chain_modified_payload_hash PASSED     [ 58%]
tests\test_ledger.py::test_verify_chain_broken_previous_hash PASSED      [ 59%]
tests\test_ledger.py::test_verify_chain_sequence_gap PASSED              [ 59%]
tests\test_ledger.py::test_verify_chain_deleted_event PASSED             [ 59%]
tests\test_ledger.py::test_verify_chain_inserted_event PASSED            [ 59%]
tests\test_ledger.py::test_verify_chain_invalid_signature PASSED         [ 59%]
tests\test_ledger.py::test_record_analyst_decision PASSED                [ 60%]
tests\test_ledger.py::test_invalid_analyst_decision PASSED               [ 60%]
tests\test_ledger.py::test_get_events_by_scan PASSED                     [ 60%]
tests\test_ledger.py::test_get_events_by_entity PASSED                   [ 60%]
tests\test_ledger.py::test_get_events_by_type PASSED                     [ 60%]
tests\test_ledger.py::test_multiple_scans PASSED                         [ 60%]
tests\test_ledger_persistence.py::test_ledger_persistence_append_restart_verify PASSED [ 61%]
tests\test_ledger_persistence.py::test_ledger_persistence_with_signature PASSED [ 61%]
tests\test_ledger_persistence.py::test_ledger_persistence_tamper_detection PASSED [ 61%]
tests\test_models.py::test_model_identity_digest_generation PASSED       [ 61%]
tests\test_models.py::test_baseline_verification_success PASSED          [ 61%]
tests\test_models.py::test_baseline_verification_tampering_failure PASSED [ 62%]
tests\test_models.py::test_api_models_endpoints PASSED                   [ 62%]
tests\test_models_phase5.py::test_pytorch_model_ingestion_and_layer_hashing FAILED [ 62%]
tests\test_models_phase5.py::test_single_weight_tampering_detection FAILED [ 62%]
tests\test_models_phase5.py::test_architecture_modification_tampering_detection FAILED [ 62%]
tests\test_models_phase5.py::test_model_substitution_detection FAILED    [ 63%]
tests\test_models_phase5.py::test_deserialization_safety_and_malformed_inputs FAILED [ 63%]
tests\test_models_phase5.py::test_api_models_endpoints_phase5 FAILED     [ 63%]
tests\test_models_phase5.py::test_cli_model_ingest_and_verify FAILED     [ 63%]
tests\test_phase3_data_assurance.py::TestExactDuplicates::test_exact_duplicates_detected_and_files_preserved PASSED [ 63%]
tests\test_phase3_data_assurance.py::TestNearDuplicateClusters::test_near_duplicates_clustered PASSED [ 64%]
tests\test_phase3_data_assurance.py::TestLabelConflict::test_label_conflict_detected PASSED [ 64%]
tests\test_phase3_data_assurance.py::TestMissingLabels::test_missing_label_detected PASSED [ 64%]
tests\test_phase3_data_assurance.py::TestTriggerCandidate::test_trigger_candidate_detected PASSED [ 64%]
tests\test_phase3_data_assurance.py::TestQualityAnomaly::test_zero_variance_detected PASSED [ 64%]
tests\test_phase3_data_assurance.py::TestOODUnavailable::test_ood_unavailable_without_reference PASSED [ 64%]
tests\test_phase3_data_assurance.py::TestOODUnavailable::test_ood_never_fabricates_baseline PASSED [ 65%]
tests\test_phase3_data_assurance.py::TestOODUnavailable::test_ood_safety_without_reference PASSED [ 65%]
tests\test_phase3_data_assurance.py::TestUnknownContributor::test_unknown_contributor_when_no_metadata PASSED [ 65%]
tests\test_phase3_data_assurance.py::TestUnknownContributor::test_contributor_from_manifest_json PASSED [ 65%]
tests\test_phase3_data_assurance.py::TestFindingProvenance::test_all_findings_have_provenance PASSED [ 65%]
tests\test_phase3_data_assurance.py::TestEvidencePreservation::test_duplicates_preserved_after_full_scan PASSED [ 66%]
tests\test_phase3_data_assurance.py::TestEvidencePreservation::test_upload_and_scan_preserves_physical_duplicate_files PASSED [ 66%]
tests\test_phase3_data_assurance.py::TestFormatDetection::test_image_folder_detected PASSED [ 66%]
tests\test_phase3_data_assurance.py::TestFormatDetection::test_coco_detected PASSED [ 66%]
tests\test_phase3_data_assurance.py::TestFormatDetection::test_yolo_detected PASSED [ 66%]
tests\test_phase3_data_assurance.py::TestDatasetSHA256::test_dataset_sha256_deterministic PASSED [ 67%]
tests\test_phase3_data_assurance.py::TestDatasetSHA256::test_dataset_sha256_changes_with_content PASSED [ 67%]
tests\test_phase3_data_assurance.py::TestContributorRisk::test_contributor_risk_with_known_contributor PASSED [ 67%]
tests\test_phase3_data_assurance.py::TestContributorRisk::test_no_contributor_risk_for_unknown PASSED [ 67%]
tests\test_phase4_model_assurance.py::test_clean_onnx_adapter_capabilities PASSED [ 67%]
tests\test_phase4_model_assurance.py::test_modified_onnx_model_divergence PASSED [ 68%]
tests\test_phase4_model_assurance.py::test_model_with_changed_bytes PASSED [ 68%]
tests\test_phase4_model_assurance.py::test_torchscript_adapter_real_inference PASSED [ 68%]
tests\test_phase4_model_assurance.py::test_safe_pytorch_weights_and_runtime_unavailable PASSED [ 68%]
tests\test_phase4_model_assurance.py::test_unsupported_model_format PASSED [ 68%]
tests\test_phase4_model_assurance.py::test_blackbox_scenario PASSED      [ 68%]
tests\test_phase4_model_assurance.py::test_behavioural_fingerprint_probe_records PASSED [ 69%]
tests\test_phase4_model_assurance.py::test_trigger_detector_evaluation PASSED [ 69%]
tests\test_phase4_model_assurance.py::test_model_assurance_finding_standardization PASSED [ 69%]
tests\test_phase4_model_assurance.py::test_invariant_no_match_after_model_modification PASSED [ 69%]
tests\test_phase5_inference_provenance.py::test_01_valid_record_passes PASSED [ 69%]
tests\test_phase5_inference_provenance.py::test_02_change_input_fails PASSED [ 70%]
tests\test_phase5_inference_provenance.py::test_03_change_model_fails PASSED [ 70%]
tests\test_phase5_inference_provenance.py::test_04_change_preprocessing_fails PASSED [ 70%]
tests\test_phase5_inference_provenance.py::test_05_change_inference_config_fails PASSED [ 70%]
tests\test_phase5_inference_provenance.py::test_06_change_output_fails PASSED [ 70%]
tests\test_phase5_inference_provenance.py::test_07_replay_record_fails PASSED [ 71%]
tests\test_phase5_inference_provenance.py::test_08_sequence_rollback_fails PASSED [ 71%]
tests\test_phase5_inference_provenance.py::test_09_restart_backend_verification_works PASSED [ 71%]
tests\test_phase6_drift_fusion_graph.py::test_clean_reference_matching_target PASSED [ 71%]
tests\test_phase6_drift_fusion_graph.py::test_missing_reference_and_anti_self_comparison PASSED [ 71%]
tests\test_phase6_drift_fusion_graph.py::test_environmental_illumination_shift PASSED [ 72%]
tests\test_phase6_drift_fusion_graph.py::test_duplicate_heavy_contributor_risk PASSED [ 72%]
tests\test_phase6_drift_fusion_graph.py::test_suspicious_contributor_and_unknown_identity PASSED [ 72%]
tests\test_phase6_drift_fusion_graph.py::test_model_anomaly_hard_veto PASSED [ 72%]
tests\test_phase6_drift_fusion_graph.py::test_inference_anomaly_and_blast_radius PASSED [ 72%]
tests\test_phase6_drift_fusion_graph.py::test_full_14_entity_evidence_graph_and_edge_evidence_ids PASSED [ 72%]
tests\test_phase6_drift_fusion_graph.py::test_contributor_unknown_and_evidence_disclosure PASSED [ 73%]
tests\test_phase6_drift_fusion_graph.py::test_risk_semantics_distinctions PASSED [ 73%]
tests\test_phase6_drift_fusion_graph.py::test_unavailable_domain_propagation_regression PASSED [ 73%]
tests\test_phase6_drift_fusion_graph.py::test_hard_veto_vs_ordinary_drift PASSED [ 73%]
tests\test_phase6_drift_fusion_graph.py::test_evidence_graph_edge_resolution_and_traversal PASSED [ 73%]
tests\test_phase7_runtime_inference.py::test_model_validation_and_state_transitions PASSED [ 74%]
tests\test_phase7_runtime_inference.py::test_invalid_corrupted_model_state_transition PASSED [ 74%]
tests\test_phase7_runtime_inference.py::test_real_onnx_execution_and_determinism PASSED [ 74%]
tests\test_phase7_runtime_inference.py::test_deterministic_preprocessing_contract PASSED [ 74%]
tests\test_phase7_runtime_inference.py::test_ambiguous_contract_raises_unavailable PASSED [ 74%]
tests\test_phase7_runtime_inference.py::test_output_validation_finiteness_check PASSED [ 75%]
tests\test_phase7_runtime_inference.py::test_inference_dna_binding_and_verification PASSED [ 75%]
tests\test_phase7_runtime_inference.py::test_api_inference_execute_endpoint_success PASSED [ 75%]
tests\test_phase7_runtime_inference.py::test_api_inference_missing_model_fails_unavailable PASSED [ 75%]
tests\test_phase7_runtime_inference.py::test_api_inference_missing_image_fails_unavailable PASSED [ 75%]
tests\test_phase7_runtime_inference.py::test_inference_evidence_fusion_and_hard_veto PASSED [ 76%]
tests\test_redteam.py::test_label_flipping_attack_and_detection PASSED   [ 76%]
tests\test_redteam.py::test_backdoor_trigger_injection_and_detection FAILED [ 76%]
tests\test_redteam.py::test_sample_corruption_and_detection FAILED       [ 76%]
tests\test_redteam.py::test_model_weight_tampering_and_detection FAILED  [ 76%]
tests\test_redteam.py::test_inference_output_tampering_and_detection PASSED [ 76%]
tests\test_redteam.py::test_inference_replay_attack_and_detection PASSED [ 77%]
tests\test_redteam.py::test_api_redteam_endpoints FAILED                 [ 77%]
tests\test_redteam_phase11.py::test_01_scenario_registration FAILED      [ 77%]
tests\test_redteam_phase11.py::test_02_dataset_byte_tamper FAILED        [ 77%]
tests\test_redteam_phase11.py::test_03_dataset_sample_deletion FAILED    [ 77%]
tests\test_redteam_phase11.py::test_04_dataset_label_flip FAILED         [ 78%]
tests\test_redteam_phase11.py::test_05_dataset_duplicate_injection FAILED [ 78%]
tests\test_redteam_phase11.py::test_06_dataset_backdoor_trigger FAILED   [ 78%]
tests\test_redteam_phase11.py::test_07_model_weight_tamper FAILED        [ 78%]
tests\test_redteam_phase11.py::test_08_model_substitution FAILED         [ 78%]
tests\test_redteam_phase11.py::test_09_model_signature_tamper FAILED     [ 79%]
tests\test_redteam_phase11.py::test_10_behavioral_divergence FAILED      [ 79%]
tests\test_redteam_phase11.py::test_11_inference_nonce_replay FAILED     [ 79%]
tests\test_redteam_phase11.py::test_12_inference_hash_chain_break FAILED [ 79%]
tests\test_redteam_phase11.py::test_13_inference_output_tamper FAILED    [ 79%]
tests\test_redteam_phase11.py::test_14_drift_baseline_tamper FAILED      [ 80%]
tests\test_redteam_phase11.py::test_15_drift_benign_shift_isolation FAILED [ 80%]
tests\test_redteam_phase11.py::test_16_evidence_tamper FAILED            [ 80%]
tests\test_redteam_phase11.py::test_17_fusion_tamper FAILED              [ 80%]
tests\test_redteam_phase11.py::test_18_quarantine_tamper FAILED          [ 80%]
tests\test_redteam_phase11.py::test_19_graph_tamper FAILED               [ 80%]
tests\test_redteam_phase11.py::test_20_drift_corroborating_attack FAILED [ 81%]
tests\test_redteam_phase11.py::test_21_multi_stage_chain FAILED          [ 81%]
tests\test_redteam_phase11.py::test_22_evidence_preservation FAILED      [ 81%]
tests\test_redteam_phase11.py::test_23_fusion_preservation FAILED        [ 81%]
tests\test_redteam_phase11.py::test_24_quarantine_propagation FAILED     [ 81%]
tests\test_redteam_phase11.py::test_25_blast_radius_propagation FAILED   [ 82%]
tests\test_redteam_phase11.py::test_26_false_positive_benign_validation FAILED [ 82%]
tests\test_redteam_phase11.py::test_27_detection_coverage_generation FAILED [ 82%]
tests\test_redteam_phase11.py::test_28_scorecard_generation FAILED       [ 82%]
tests\test_redteam_phase11.py::test_29_api_lifecycle FAILED              [ 82%]
tests\test_redteam_phase11.py::test_30_cli_lifecycle FAILED              [ 83%]
tests\test_redteam_phase11.py::test_31_persistence_across_restart FAILED [ 83%]
tests\test_redteam_phase11.py::test_32_deterministic_execution FAILED    [ 83%]
tests\test_redteam_phase11.py::test_33_no_mutation_of_reference_artifacts FAILED [ 83%]
tests\test_redteam_phase11.py::test_34_run_all_scenarios FAILED          [ 83%]
tests\test_redteam_validation.py::TestCategoryA_CleanDataset::test_clean_dataset_ingestion_hashes_and_merkle PASSED [ 84%]
tests\test_redteam_validation.py::TestCategoryA_CleanDataset::test_clean_dataset_integrity_scan_reports_high_health PASSED [ 84%]
tests\test_redteam_validation.py::TestCategoryA_CleanDataset::test_clean_dataset_manifest_verification_passes PASSED [ 84%]
tests\test_redteam_validation.py::TestCategoryB_BytePixelTampering::test_hash_mismatch_after_single_byte_flip PASSED [ 84%]
tests\test_redteam_validation.py::TestCategoryB_BytePixelTampering::test_pixel_modification_changes_dhash PASSED [ 84%]
tests\test_redteam_validation.py::TestCategoryB_BytePixelTampering::test_integrity_detects_corrupted_payload_hash PASSED [ 84%]
tests\test_redteam_validation.py::TestCategoryC_DuplicateData::test_exact_duplicate_detection_real_sha256 PASSED [ 85%]
tests\test_redteam_validation.py::TestCategoryC_DuplicateData::test_near_duplicate_clustering_real_dhash PASSED [ 85%]
tests\test_redteam_validation.py::TestCategoryD_MalformedImage::test_unreadable_file_handled_gracefully PASSED [ 85%]
tests\test_redteam_validation.py::TestCategoryD_MalformedImage::test_quality_ood_reports_unreadable_samples PASSED [ 85%]
tests\test_redteam_validation.py::TestCategoryE_ModelTampering::test_identical_candidate_passes PASSED [ 85%]
tests\test_redteam_validation.py::TestCategoryE_ModelTampering::test_binary_mutation_detected_via_sha256 PASSED [ 86%]
tests\test_redteam_validation.py::TestCategoryF_InferenceIntegrity::test_dna_chain_valid_when_untouched PASSED [ 86%]
tests\test_redteam_validation.py::TestCategoryF_InferenceIntegrity::test_tampered_output_digest_fails_verification PASSED [ 86%]
tests\test_redteam_validation.py::TestCategoryG_DistributionShift::test_identical_distributions_no_drift PASSED [ 86%]
tests\test_redteam_validation.py::TestCategoryG_DistributionShift::test_severe_intensity_shift_detected PASSED [ 86%]
tests\test_redteam_validation.py::TestCategoryH_EvidenceFusion::test_fusion_consumes_real_integrity_outputs PASSED [ 87%]
tests\test_redteam_validation.py::TestCategoryH_EvidenceFusion::test_fusion_assessment_has_valid_canonical_digest PASSED [ 87%]
tests\test_redteam_validation.py::TestCategoryI_EvidenceGraph::test_real_lineage_edges_exist_between_contributor_and_batch PASSED [ 87%]
tests\test_redteam_validation.py::TestCategoryI_EvidenceGraph::test_unavailable_partial_propagation_keeps_status PASSED [ 87%]
tests\test_redteam_validation.py::TestCategoryJ_ContributorRisk::test_contributor_risk_aggregated_from_findings PASSED [ 87%]
tests\test_redteam_validation.py::TestCategoryK_FullE2EPipeline::test_e2e_clean_path_ledger_integral PASSED [ 88%]
tests\test_redteam_validation.py::TestCategoryL_LedgerIntegration::test_appended_events_correspond_to_pipeline_activity PASSED [ 88%]
tests\test_redteam_validation.py::TestCategoryM_LedgerTampering::test_event_payload_tamper_detected PASSED [ 88%]
tests\test_redteam_validation.py::TestCategoryM_LedgerTampering::test_sequence_gap_tamper_detected PASSED [ 88%]
tests\test_reports.py::test_report_generation_from_assessment ERROR      [ 88%]
tests\test_reports.py::test_cryptographic_sealing_and_verification ERROR [ 88%]
tests\test_reports.py::test_tampering_detection ERROR                    [ 89%]
tests\test_reports.py::test_signature_forgery_detection ERROR            [ 89%]
tests\test_reports.py::test_markdown_formatting_structure ERROR          [ 89%]
tests\test_reports.py::test_executive_summary_formatting ERROR           [ 89%]
tests\test_reports.py::test_api_reports_endpoints ERROR                  [ 89%]
tests\test_reports_phase12.py::test_report_generation_from_fused_assessment ERROR [ 90%]
tests\test_reports_phase12.py::test_section_overviews_status_assignment ERROR [ 90%]
tests\test_reports_phase12.py::test_upstream_lineage_and_blast_radius_attachment ERROR [ 90%]
tests\test_reports_phase12.py::test_canonical_digest_sealing_integrity ERROR [ 90%]
tests\test_reports_phase12.py::test_ecdsa_signature_verification_success ERROR [ 90%]
tests\test_reports_phase12.py::test_tamper_detection_altered_verdict ERROR [ 91%]
tests\test_reports_phase12.py::test_tamper_detection_altered_risk_score ERROR [ 91%]
tests\test_reports_phase12.py::test_tamper_detection_altered_hard_veto_flag ERROR [ 91%]
tests\test_reports_phase12.py::test_tamper_detection_altered_findings_summary ERROR [ 91%]
tests\test_reports_phase12.py::test_forged_signature_rejection ERROR     [ 91%]
tests\test_reports_phase12.py::test_wrong_signer_public_key_rejection ERROR [ 92%]
tests\test_reports_phase12.py::test_format_markdown_rendering ERROR      [ 92%]
tests\test_reports_phase12.py::test_format_executive_summary_rendering ERROR [ 92%]
tests\test_reports_phase12.py::test_format_html_rendering ERROR          [ 92%]
tests\test_reports_phase12.py::test_export_to_file_all_formats ERROR     [ 92%]
tests\test_reports_phase12.py::test_report_persistence_and_list_indexing ERROR [ 92%]
tests\test_reports_phase12.py::test_cli_generate_report FAILED           [ 93%]
tests\test_reports_phase12.py::test_cli_list_and_show_report ERROR       [ 93%]
tests\test_reports_phase12.py::test_cli_verify_report_valid_and_tampered ERROR [ 93%]
tests\test_reports_phase12.py::test_cli_export_report ERROR              [ 93%]
tests\test_reports_phase12.py::test_api_generate_and_get_report FAILED   [ 93%]
tests\test_reports_phase12.py::test_tamper_detection_altered_confidence_score ERROR [ 94%]
tests\test_reports_phase12.py::test_tamper_detection_altered_coverage_ratio ERROR [ 94%]
tests\test_reports_phase12.py::test_tamper_detection_altered_target_asset_id ERROR [ 94%]
tests\test_reports_phase12.py::test_tamper_detection_altered_assessment_id ERROR [ 94%]
tests\test_reports_phase12.py::test_tamper_detection_altered_gatekeeper_action ERROR [ 94%]
tests\test_reports_phase12.py::test_canonical_json_ordering_invariance PASSED [ 95%]
tests\test_reports_phase12.py::test_report_engine_get_nonexistent_report PASSED [ 95%]
tests\test_reports_phase12.py::test_export_nonexistent_report_raises_error FAILED [ 95%]
tests\test_reports_phase12.py::test_api_get_nonexistent_report_404 PASSED [ 95%]
tests\test_reports_phase12.py::test_api_generate_report_invalid_assessment_404 PASSED [ 95%]
tests\test_reports_phase12.py::test_api_export_nonexistent_report_404 PASSED [ 96%]
tests\test_reports_phase12.py::test_cli_show_report_missing_args PASSED  [ 96%]
tests\test_reports_phase12.py::test_cli_verify_report_missing_args PASSED [ 96%]
tests\test_scan_pipeline.py::test_scan_pipeline_upload_and_status PASSED [ 96%]
tests\test_schemas.py::test_contributor_schema_validation PASSED         [ 96%]
tests\test_schemas.py::test_sha256_digest_strict_length_enforcement PASSED [ 96%]
tests\test_schemas.py::test_inference_dna_tuple_schema PASSED            [ 97%]
tests\test_schemas.py::test_finding_enums_and_boundaries PASSED          [ 97%]
tests\test_ui_routes.py::test_serve_command_center_root PASSED           [ 97%]
tests\test_ui_routes.py::test_serve_static_stylesheet PASSED             [ 97%]
tests\test_ui_routes.py::test_serve_static_javascript_modules PASSED     [ 97%]
tests\test_ui_routes.py::test_static_nonexistent_returns_404 PASSED      [ 98%]
tests\test_upload_limits.py::test_settings_max_upload_files_constant PASSED [ 98%]
tests\test_upload_limits.py::test_upload_count_boundary_2999 FAILED      [ 98%]
tests\test_upload_limits.py::test_upload_count_boundary_3000 PASSED      [ 98%]
tests\test_upload_limits.py::test_upload_count_boundary_3001_rejected FAILED [ 98%]
tests\test_upload_limits.py::test_upload_count_27000_rejected FAILED     [ 99%]
tests\test_upload_limits.py::test_valid_12_band_eo_patch_accepted FAILED [ 99%]
tests\test_upload_limits.py::test_invalid_empty_upload_rejected PASSED   [ 99%]
tests\test_upload_limits.py::test_upload_1500_files_accepted_by_starlette_multipart_parser FAILED [ 99%]
tests\test_upload_limits.py::test_upload_image_folder_auto_fallback_from_bigearthnet_format FAILED [ 99%]
tests\test_upload_limits.py::test_upload_preserves_nested_subfolders_without_collision FAILED [100%]

=================================== ERRORS ====================================
__________ ERROR at setup of test_report_generation_from_assessment ___________
tests\test_reports.py:70: in sample_assessment
    return FusedAssessment(
E   pydantic_core._pydantic_core.ValidationError: 1 validation error for FusedAssessment
E   confidence
E     Field required [type=missing, input_value={'assessment_id': 'fused_...=datetime.timezone.utc)}, input_type=dict]
E       For further information visit https://errors.pydantic.dev/2.13/v/missing
________ ERROR at setup of test_cryptographic_sealing_and_verification ________
tests\test_reports.py:70: in sample_assessment
    return FusedAssessment(
E   pydantic_core._pydantic_core.ValidationError: 1 validation error for FusedAssessment
E   confidence
E     Field required [type=missing, input_value={'assessment_id': 'fused_...=datetime.timezone.utc)}, input_type=dict]
E       For further information visit https://errors.pydantic.dev/2.13/v/missing
_________________ ERROR at setup of test_tampering_detection __________________
tests\test_reports.py:70: in sample_assessment
    return FusedAssessment(
E   pydantic_core._pydantic_core.ValidationError: 1 validation error for FusedAssessment
E   confidence
E     Field required [type=missing, input_value={'assessment_id': 'fused_...=datetime.timezone.utc)}, input_type=dict]
E       For further information visit https://errors.pydantic.dev/2.13/v/missing
_____________ ERROR at setup of test_signature_forgery_detection ______________
tests\test_reports.py:70: in sample_assessment
    return FusedAssessment(
E   pydantic_core._pydantic_core.ValidationError: 1 validation error for FusedAssessment
E   confidence
E     Field required [type=missing, input_value={'assessment_id': 'fused_...=datetime.timezone.utc)}, input_type=dict]
E       For further information visit https://errors.pydantic.dev/2.13/v/missing
____________ ERROR at setup of test_markdown_formatting_structure _____________
tests\test_reports.py:70: in sample_assessment
    return FusedAssessment(
E   pydantic_core._pydantic_core.ValidationError: 1 validation error for FusedAssessment
E   confidence
E     Field required [type=missing, input_value={'assessment_id': 'fused_...=datetime.timezone.utc)}, input_type=dict]
E       For further information visit https://errors.pydantic.dev/2.13/v/missing
_____________ ERROR at setup of test_executive_summary_formatting _____________
tests\test_reports.py:70: in sample_assessment
    return FusedAssessment(
E   pydantic_core._pydantic_core.ValidationError: 1 validation error for FusedAssessment
E   confidence
E     Field required [type=missing, input_value={'assessment_id': 'fused_...=datetime.timezone.utc)}, input_type=dict]
E       For further information visit https://errors.pydantic.dev/2.13/v/missing
________________ ERROR at setup of test_api_reports_endpoints _________________
tests\test_reports.py:70: in sample_assessment
    return FusedAssessment(
E   pydantic_core._pydantic_core.ValidationError: 1 validation error for FusedAssessment
E   confidence
E     Field required [type=missing, input_value={'assessment_id': 'fused_...=datetime.timezone.utc)}, input_type=dict]
E       For further information visit https://errors.pydantic.dev/2.13/v/missing
_______ ERROR at setup of test_report_generation_from_fused_assessment ________
tests\test_reports_phase12.py:59: in mock_engines
    report_engine = AssuranceReportEngine(
E   TypeError: AssuranceReportEngine.__init__() got an unexpected keyword argument 'fusion_engine'
_________ ERROR at setup of test_section_overviews_status_assignment __________
tests\test_reports_phase12.py:59: in mock_engines
    report_engine = AssuranceReportEngine(
E   TypeError: AssuranceReportEngine.__init__() got an unexpected keyword argument 'fusion_engine'
_____ ERROR at setup of test_upstream_lineage_and_blast_radius_attachment _____
tests\test_reports_phase12.py:59: in mock_engines
    report_engine = AssuranceReportEngine(
E   TypeError: AssuranceReportEngine.__init__() got an unexpected keyword argument 'fusion_engine'
__________ ERROR at setup of test_canonical_digest_sealing_integrity __________
tests\test_reports_phase12.py:59: in mock_engines
    report_engine = AssuranceReportEngine(
E   TypeError: AssuranceReportEngine.__init__() got an unexpected keyword argument 'fusion_engine'
_________ ERROR at setup of test_ecdsa_signature_verification_success _________
tests\test_reports_phase12.py:59: in mock_engines
    report_engine = AssuranceReportEngine(
E   TypeError: AssuranceReportEngine.__init__() got an unexpected keyword argument 'fusion_engine'
___________ ERROR at setup of test_tamper_detection_altered_verdict ___________
tests\test_reports_phase12.py:59: in mock_engines
    report_engine = AssuranceReportEngine(
E   TypeError: AssuranceReportEngine.__init__() got an unexpected keyword argument 'fusion_engine'
_________ ERROR at setup of test_tamper_detection_altered_risk_score __________
tests\test_reports_phase12.py:59: in mock_engines
    report_engine = AssuranceReportEngine(
E   TypeError: AssuranceReportEngine.__init__() got an unexpected keyword argument 'fusion_engine'
_______ ERROR at setup of test_tamper_detection_altered_hard_veto_flag ________
tests\test_reports_phase12.py:59: in mock_engines
    report_engine = AssuranceReportEngine(
E   TypeError: AssuranceReportEngine.__init__() got an unexpected keyword argument 'fusion_engine'
______ ERROR at setup of test_tamper_detection_altered_findings_summary _______
tests\test_reports_phase12.py:59: in mock_engines
    report_engine = AssuranceReportEngine(
E   TypeError: AssuranceReportEngine.__init__() got an unexpected keyword argument 'fusion_engine'
______________ ERROR at setup of test_forged_signature_rejection ______________
tests\test_reports_phase12.py:59: in mock_engines
    report_engine = AssuranceReportEngine(
E   TypeError: AssuranceReportEngine.__init__() got an unexpected keyword argument 'fusion_engine'
__________ ERROR at setup of test_wrong_signer_public_key_rejection ___________
tests\test_reports_phase12.py:59: in mock_engines
    report_engine = AssuranceReportEngine(
E   TypeError: AssuranceReportEngine.__init__() got an unexpected keyword argument 'fusion_engine'
______________ ERROR at setup of test_format_markdown_rendering _______________
tests\test_reports_phase12.py:59: in mock_engines
    report_engine = AssuranceReportEngine(
E   TypeError: AssuranceReportEngine.__init__() got an unexpected keyword argument 'fusion_engine'
__________ ERROR at setup of test_format_executive_summary_rendering __________
tests\test_reports_phase12.py:59: in mock_engines
    report_engine = AssuranceReportEngine(
E   TypeError: AssuranceReportEngine.__init__() got an unexpected keyword argument 'fusion_engine'
________________ ERROR at setup of test_format_html_rendering _________________
tests\test_reports_phase12.py:59: in mock_engines
    report_engine = AssuranceReportEngine(
E   TypeError: AssuranceReportEngine.__init__() got an unexpected keyword argument 'fusion_engine'
______________ ERROR at setup of test_export_to_file_all_formats ______________
tests\test_reports_phase12.py:59: in mock_engines
    report_engine = AssuranceReportEngine(
E   TypeError: AssuranceReportEngine.__init__() got an unexpected keyword argument 'fusion_engine'
_________ ERROR at setup of test_report_persistence_and_list_indexing _________
tests\test_reports_phase12.py:59: in mock_engines
    report_engine = AssuranceReportEngine(
E   TypeError: AssuranceReportEngine.__init__() got an unexpected keyword argument 'fusion_engine'
_______________ ERROR at setup of test_cli_list_and_show_report _______________
tests\test_reports_phase12.py:59: in mock_engines
    report_engine = AssuranceReportEngine(
E   TypeError: AssuranceReportEngine.__init__() got an unexpected keyword argument 'fusion_engine'
_________ ERROR at setup of test_cli_verify_report_valid_and_tampered _________
tests\test_reports_phase12.py:59: in mock_engines
    report_engine = AssuranceReportEngine(
E   TypeError: AssuranceReportEngine.__init__() got an unexpected keyword argument 'fusion_engine'
__________________ ERROR at setup of test_cli_export_report ___________________
tests\test_reports_phase12.py:59: in mock_engines
    report_engine = AssuranceReportEngine(
E   TypeError: AssuranceReportEngine.__init__() got an unexpected keyword argument 'fusion_engine'
______ ERROR at setup of test_tamper_detection_altered_confidence_score _______
tests\test_reports_phase12.py:59: in mock_engines
    report_engine = AssuranceReportEngine(
E   TypeError: AssuranceReportEngine.__init__() got an unexpected keyword argument 'fusion_engine'
_______ ERROR at setup of test_tamper_detection_altered_coverage_ratio ________
tests\test_reports_phase12.py:59: in mock_engines
    report_engine = AssuranceReportEngine(
E   TypeError: AssuranceReportEngine.__init__() got an unexpected keyword argument 'fusion_engine'
_______ ERROR at setup of test_tamper_detection_altered_target_asset_id _______
tests\test_reports_phase12.py:59: in mock_engines
    report_engine = AssuranceReportEngine(
E   TypeError: AssuranceReportEngine.__init__() got an unexpected keyword argument 'fusion_engine'
________ ERROR at setup of test_tamper_detection_altered_assessment_id ________
tests\test_reports_phase12.py:59: in mock_engines
    report_engine = AssuranceReportEngine(
E   TypeError: AssuranceReportEngine.__init__() got an unexpected keyword argument 'fusion_engine'
______ ERROR at setup of test_tamper_detection_altered_gatekeeper_action ______
tests\test_reports_phase12.py:59: in mock_engines
    report_engine = AssuranceReportEngine(
E   TypeError: AssuranceReportEngine.__init__() got an unexpected keyword argument 'fusion_engine'
================================== FAILURES ===================================
________________ test_08_dataset_ingestion_and_merkle_sealing _________________
tests\test_bigearthnet_phase15.py:308: in test_08_dataset_ingestion_and_merkle_sealing
    assert manifest.sample_count == 3
E   AssertionError: assert 36 == 3
E    +  where 36 = BatchManifest(batch_id='f26f6d68-da86-4af6-8e75-2433a4b7bc1f', dataset_name='BigEarthNet_EO_Alpha', format=<DatasetFormat.BIGEARTHNET_S2: 'BIGEARTHNET_S2'>, contributor_id='satellite_ground_station_01', contributor_source='UNKNOWN', sample_count=36, merkle_root='d0ed7f9f3b25e04b674d208af7992347897d22c47c882976fbd7d770a527fedb', dataset_sha256='85292227ffd06c86aa42b5e3527231cd7afdef99f978ede3f04b23481c156b31', samples=[SampleRecord(sample_id='S2A_batch_p1/S2A_batch_p1_B01.tif', file_path='C:\\Users\\sce24\\AppData\\Local\\Temp\\tmp76wphzov\\S2A_batch_p1\\S2A_batch_p1_B01.tif', sha256_hash='8d745d9f86e8f0f0231662e45bd1ee66802e6eaa5ace88d718ffb190117785ae', width=20, height=20, labels=[{'spectral_band': 'B01'}], metadata={'format': 'BIGEARTHNET_S2', 'band': 'B01', 'filename': 'S2A_batch_p1_B01.tif'}), SampleRecord(sample_id='S2A_batch_p1/S2A_batch_p1_B02.tif', file_path='C:\\Users\\sce24\\AppData\\Local\\Temp\\tmp76wphzov\\S2A_batch_p1\\S2A_batch_p1_B02.tif', sha256_hash='3a6305018be24e430af211dbd03da685c2e62124ebb36968cf0143e7465a563c', width=120, height=120, labels=[{'spectral_band': 'B02'}], metadata={'format': 'BIGEARTHNET_S2', 'band': 'B02', 'filename': 'S2A_batch_p1_B02.tif'})..._batch_p3/S2A_batch_p3_B12.tif', file_path='C:\\Users\\sce24\\AppData\\Local\\Temp\\tmp76wphzov\\S2A_batch_p3\\S2A_batch_p3_B12.tif', sha256_hash='434374c12efb1b48e8be4979922d590165dfbbf625dcda7075c26f4896053894', width=60, height=60, labels=[{'spectral_band': 'B12'}], metadata={'format': 'BIGEARTHNET_S2', 'band': 'B12', 'filename': 'S2A_batch_p3_B12.tif'}), SampleRecord(sample_id='S2A_batch_p3/S2A_batch_p3_B8A.tif', file_path='C:\\Users\\sce24\\AppData\\Local\\Temp\\tmp76wphzov\\S2A_batch_p3\\S2A_batch_p3_B8A.tif', sha256_hash='f04e5a48db9865591ca83fa00971356abbcb62bf665b6ee1c799c7d6d0f9df24', width=60, height=60, labels=[{'spectral_band': 'B8A'}], metadata={'format': 'BIGEARTHNET_S2', 'band': 'B8A', 'filename': 'S2A_batch_p3_B8A.tif'})], signature='3045022005498a2e290066b2e911ee2cb09826048ed49074c44039fde4096ea28563d48a022100cf2987c0b98f8825f58e9857b1d90cf915a42d967dcbfb57a298d44c09d45a01', public_key_pem='-----BEGIN PUBLIC KEY-----\nMFkwEwYHKoZIzj0CAQYIKoZIzj0DAQcDQgAEwPpfo+xCYY+npMm9/6LGTjPNGs4q\n1qmsy9p07KFBmleu9TYh/1RfnYiFaWy3pkJ8NnmcIMzTf2LZm82TAtVlmg==\n-----END PUBLIC KEY-----\n', created_at=datetime.datetime(2026, 9, 20, 21, 23, 41, 163452, tzinfo=datetime.timezone.utc)).sample_count
__________ test_12_perceptual_hashing_and_duplicate_patch_detection ___________
tests\test_bigearthnet_phase15.py:404: in test_12_perceptual_hashing_and_duplicate_patch_detection
    assert report.total_samples_analyzed == 2
E   AssertionError: assert 24 == 2
E    +  where 24 = DatasetIntegrityReport(batch_id='c7804ed0-b939-4f82-a9ca-8ea8317f44fe', total_samples_analyzed=24, findings_count=12, findings=[IntegrityFinding(finding_id='3b4e95d2-b314-465e-9dad-6be53dbd6645', check_type=<IntegrityCheckType.EXACT_DUPLICATE: 'EXACT_DUPLICATE'>, severity=<IntegritySeverity.MEDIUM: 'MEDIUM'>, sample_ids=['S2A_dupl_1/S2A_dupl_1_B01.tif', 'S2A_dupl_2/S2A_dupl_1_B01.tif'], description='Identified 2 exact byte-level duplicate samples with identical SHA-256 digest (97d0a7a76a7450a5...).', metric_score=0.0, details={'sha256': '97d0a7a76a7450a5d09ac080c38906ce1713a6c89aba02627b6ec8d78fa546bd', 'duplicate_count': 2}, detector_id='DUPLICATE_DETECTOR', detector_version='2.0.0', detector_parameters={'duplicate_threshold': 4}, created_at=datetime.datetime(2026, 9, 20, 21, 23, 43, 38266, tzinfo=datetime.timezone.utc), confidence=1.0, confidence_basis='SHA-256 byte-identity is deterministic', limitations=None, recommended_action='Review for data flooding; do not use duplicates for training without deduplication'), IntegrityFinding(finding_id='82b92388-cb5d-4e45-8cb0-374e36393bbf', check_type=<IntegrityCheckType.EXACT_DUPLICATE: 'EXACT_DUPLICATE'>, severity=<IntegritySeverity.M...e9aae468f9bc8745e7b8773142dac1b3f28dc3c68087cdc097a3bdf88e', detection_result='SUSPICIOUS', integrity_status='REVIEW REQUIRED', reason='SHA-256 fingerprint changed since a previous upload.; Identified 2 exact byte-level duplicate samples with identical SHA-256 digest (4cbd9be9aae468f9...).', action='UPLOADED', scan_id=None, finding_ids=[], contributor_id='operator_01'), AuditEvent(timestamp=datetime.datetime(2026, 9, 20, 21, 23, 43, 36549, tzinfo=datetime.timezone.utc), artifact_id='S2A_dupl_2/S2A_dupl_1_B8A.tif', sha256_hash='4cbd9be9aae468f9bc8745e7b8773142dac1b3f28dc3c68087cdc097a3bdf88e', detection_result='SUSPICIOUS', integrity_status='REVIEW REQUIRED', reason='SHA-256 fingerprint changed since a previous upload.; Identified 2 exact byte-level duplicate samples with identical SHA-256 digest (4cbd9be9aae468f9...).', action='VERIFIED', scan_id=None, finding_ids=[], contributor_id='operator_01')], contributor_risks=[ContributorRisk(contributor_id='operator_01', sample_count=24, finding_count=12, finding_types=['EXACT_DUPLICATE'], severity_distribution={'MEDIUM': 12}, risk_indicators=[])], timestamp=datetime.datetime(2026, 9, 20, 21, 23, 43, 392467, tzinfo=datetime.timezone.utc)).total_samples_analyzed
________________ test_15_provenance_graph_lineage_bigearthnet _________________
tests\test_bigearthnet_phase15.py:516: in test_15_provenance_graph_lineage_bigearthnet
    default_graph_engine.add_edge(GraphEdge(source_id="ds_bigearthnet_01", target_id="patch_S2A_101", edge_type=EdgeType.CONTAINS))
                                                                                                                ^^^^^^^^^^^^^^^^^
E   AttributeError: type object 'EdgeType' has no attribute 'CONTAINS'
__________________ test_17_api_bigearthnet_inspect_endpoint ___________________
tests\test_bigearthnet_phase15.py:581: in test_17_api_bigearthnet_inspect_endpoint
    assert res.status_code == 200
E   assert 404 == 200
E    +  where 404 = <Response [404 Not Found]>.status_code
------------------------------ Captured log call ------------------------------
ERROR    trust_cv:main.py:98 HTTP exception occurred: Not Found
___________________ test_18_api_bigearthnet_ingest_endpoint ___________________
tests\test_bigearthnet_phase15.py:610: in test_18_api_bigearthnet_ingest_endpoint
    assert data["sample_count"] == 1
E   assert 12 == 1
_____________ test_20_air_gap_zero_network_execution_eo_pipeline ______________
tests\test_bigearthnet_phase15.py:666: in test_20_air_gap_zero_network_execution_eo_pipeline
    assert report.total_samples_analyzed == 1
E   AssertionError: assert 12 == 1
E    +  where 12 = DatasetIntegrityReport(batch_id='0d47f171-6dd3-45d7-879b-ab6d4a99b00d', total_samples_analyzed=12, findings_count=0, findings=[], overall_health_score=1.0, recommendation=<AssetStatus.ACCEPTED: 'ACCEPTED'>, report_digest='b9a343c950121d5cf05e0de435c9d73b92671f460dddd8cc88a7ffaac3999724', image_results=[ImageAssessment(sample_id='S2A_airgap_patch/S2A_airgap_patch_B01.tif', file_name='S2A_airgap_patch_B01.tif', sha256_hash='6f62420f0a6779a1da577a532a86a31f748f8e1bcfddd3b68a656752ea9c0221', result='SUSPICIOUS', integrity_status='REVIEW REQUIRED', trust_status='UNTRUSTED', anomaly_score=None, evidence=['SHA-256 fingerprint changed since a previous upload.'], action='QUARANTINE', preview_data_url='data:image/jpeg;base64,/9j/4AAQSkZJRgABAQAAAQABAAD/2wBDAAcFBQYFBAcGBgYIBwcICxILCwoKCxYPEA0SGhYbGhkWGRgcICgiHB4mHhgZIzAkJiorLS4tGyIyNTEsNSgsLSz/2wBDAQcICAsJCxULCxUsHRkdLCwsLCwsLCwsLCwsLCwsLCwsLCwsLCwsLCwsLCwsLCwsLCwsLCwsLCwsLCwsLCwsLCz/wAARCAAUABQDASIAAhEBAxEB/8QAHwAAAQUBAQEBAQEAAAAAAAAAAAECAwQFBgcICQoL/8QAtRAAAgEDAwIEAwUFBAQAAAF9AQIDAAQRBRIhMUEGE1FhByJxFDKBkaEII0KxwRVS0fAkM2JyggkKFhcYGRolJicoKSo0NTY3ODk6Q0RFRkdISUpTVFVWV1hZWmNkZWZnaGlqc3R1dnd4eXqDhIWGh4iJipKTlJWWl5iZmqKjpKWmp6ipqrKztLW2t7i5u...ontributor_id='airgap_station'), AuditEvent(timestamp=datetime.datetime(2026, 9, 20, 21, 23, 47, 434724, tzinfo=datetime.timezone.utc), artifact_id='S2A_airgap_patch/S2A_airgap_patch_B8A.tif', sha256_hash='b61056177287613c474ba5de579f2e8337347dc87c461e3b662185700d49f15f', detection_result='SUSPICIOUS', integrity_status='REVIEW REQUIRED', reason='SHA-256 fingerprint changed since a previous upload.', action='UPLOADED', scan_id=None, finding_ids=[], contributor_id='airgap_station'), AuditEvent(timestamp=datetime.datetime(2026, 9, 20, 21, 23, 47, 434724, tzinfo=datetime.timezone.utc), artifact_id='S2A_airgap_patch/S2A_airgap_patch_B8A.tif', sha256_hash='b61056177287613c474ba5de579f2e8337347dc87c461e3b662185700d49f15f', detection_result='SUSPICIOUS', integrity_status='REVIEW REQUIRED', reason='SHA-256 fingerprint changed since a previous upload.', action='VERIFIED', scan_id=None, finding_ids=[], contributor_id='airgap_station')], contributor_risks=[ContributorRisk(contributor_id='airgap_station', sample_count=12, finding_count=0, finding_types=[], severity_distribution={}, risk_indicators=[])], timestamp=datetime.datetime(2026, 9, 20, 21, 23, 47, 556754, tzinfo=datetime.timezone.utc)).total_samples_analyzed
_______________________ test_investigate_entity_lineage _______________________
tests\test_dashboard.py:190: in test_investigate_entity_lineage
    assert investigation.entity_type == NodeType.DATASET_BATCH.value
E   AssertionError: assert 'DATASET' == 'DATASET_BATCH'
E     
E     - DATASET_BATCH
E     + DATASET
___________________________ test_03_dataset_listing ___________________________
tests\test_dashboard_phase13.py:83: in test_03_dataset_listing
    assert response.status_code == 200
E   assert 404 == 200
E    +  where 404 = <Response [404 Not Found]>.status_code
---------------------------- Captured stdout call -----------------------------
{"timestamp": "2026-09-20T21:23:48.912893+00:00", "level": "ERROR", "logger": "trust_cv", "message": "HTTP exception occurred: Not Found", "taskName": "anyio.from_thread.BlockingPortal._call_func", "status_code": 404, "path": "/api/v1/datasets"}
{"timestamp": "2026-09-20T21:23:48.914402+00:00", "level": "INFO", "logger": "httpx", "message": "HTTP Request: GET http://testserver/api/v1/datasets \"HTTP/1.1 404 Not Found\"", "taskName": null}
------------------------------ Captured log call ------------------------------
ERROR    trust_cv:main.py:98 HTTP exception occurred: Not Found
INFO     httpx:_client.py:1025 HTTP Request: GET http://testserver/api/v1/datasets "HTTP/1.1 404 Not Found"
____________________________ test_05_model_listing ____________________________
tests\test_dashboard_phase13.py:109: in test_05_model_listing
    assert response.status_code == 200
E   assert 404 == 200
E    +  where 404 = <Response [404 Not Found]>.status_code
---------------------------- Captured stdout call -----------------------------
{"timestamp": "2026-09-20T21:23:48.941131+00:00", "level": "ERROR", "logger": "trust_cv", "message": "HTTP exception occurred: Not Found", "taskName": "anyio.from_thread.BlockingPortal._call_func", "status_code": 404, "path": "/api/v1/models"}
{"timestamp": "2026-09-20T21:23:48.943569+00:00", "level": "INFO", "logger": "httpx", "message": "HTTP Request: GET http://testserver/api/v1/models \"HTTP/1.1 404 Not Found\"", "taskName": null}
------------------------------ Captured log call ------------------------------
ERROR    trust_cv:main.py:98 HTTP exception occurred: Not Found
INFO     httpx:_client.py:1025 HTTP Request: GET http://testserver/api/v1/models "HTTP/1.1 404 Not Found"
______________________ test_07_inference_records_listing ______________________
tests\test_dashboard_phase13.py:134: in test_07_inference_records_listing
    assert response.status_code == 200
E   assert 404 == 200
E    +  where 404 = <Response [404 Not Found]>.status_code
---------------------------- Captured stdout call -----------------------------
{"timestamp": "2026-09-20T21:23:48.965461+00:00", "level": "ERROR", "logger": "trust_cv", "message": "HTTP exception occurred: Not Found", "taskName": "anyio.from_thread.BlockingPortal._call_func", "status_code": 404, "path": "/api/v1/inference/records"}
{"timestamp": "2026-09-20T21:23:48.966857+00:00", "level": "INFO", "logger": "httpx", "message": "HTTP Request: GET http://testserver/api/v1/inference/records?limit=10 \"HTTP/1.1 404 Not Found\"", "taskName": null}
------------------------------ Captured log call ------------------------------
ERROR    trust_cv:main.py:98 HTTP exception occurred: Not Found
INFO     httpx:_client.py:1025 HTTP Request: GET http://testserver/api/v1/inference/records?limit=10 "HTTP/1.1 404 Not Found"
_____________________ test_08_drift_baselines_and_reports _____________________
tests\test_dashboard_phase13.py:151: in test_08_drift_baselines_and_reports
    assert res_reports.status_code == 200
E   assert 404 == 200
E    +  where 404 = <Response [404 Not Found]>.status_code
---------------------------- Captured stdout call -----------------------------
{"timestamp": "2026-09-20T21:23:49.007489+00:00", "level": "INFO", "logger": "httpx", "message": "HTTP Request: GET http://testserver/api/v1/drift/baselines \"HTTP/1.1 200 OK\"", "taskName": null}
{"timestamp": "2026-09-20T21:23:49.011829+00:00", "level": "ERROR", "logger": "trust_cv", "message": "HTTP exception occurred: Not Found", "taskName": "anyio.from_thread.BlockingPortal._call_func", "status_code": 404, "path": "/api/v1/drift/reports"}
{"timestamp": "2026-09-20T21:23:49.013185+00:00", "level": "INFO", "logger": "httpx", "message": "HTTP Request: GET http://testserver/api/v1/drift/reports?limit=10 \"HTTP/1.1 404 Not Found\"", "taskName": null}
------------------------------ Captured log call ------------------------------
INFO     httpx:_client.py:1025 HTTP Request: GET http://testserver/api/v1/drift/baselines "HTTP/1.1 200 OK"
ERROR    trust_cv:main.py:98 HTTP exception occurred: Not Found
INFO     httpx:_client.py:1025 HTTP Request: GET http://testserver/api/v1/drift/reports?limit=10 "HTTP/1.1 404 Not Found"
______________________ test_09_evidence_registry_listing ______________________
tests\test_dashboard_phase13.py:162: in test_09_evidence_registry_listing
    assert response.status_code == 200
E   assert 405 == 200
E    +  where 405 = <Response [405 Method Not Allowed]>.status_code
---------------------------- Captured stdout call -----------------------------
{"timestamp": "2026-09-20T21:23:49.025247+00:00", "level": "ERROR", "logger": "trust_cv", "message": "HTTP exception occurred: Method Not Allowed", "taskName": "anyio.from_thread.BlockingPortal._call_func", "status_code": 405, "path": "/api/v1/fusion/evidence"}
{"timestamp": "2026-09-20T21:23:49.027646+00:00", "level": "INFO", "logger": "httpx", "message": "HTTP Request: GET http://testserver/api/v1/fusion/evidence \"HTTP/1.1 405 Method Not Allowed\"", "taskName": null}
------------------------------ Captured log call ------------------------------
ERROR    trust_cv:main.py:98 HTTP exception occurred: Method Not Allowed
INFO     httpx:_client.py:1025 HTTP Request: GET http://testserver/api/v1/fusion/evidence "HTTP/1.1 405 Method Not Allowed"
_____________________ test_10_fusion_assessments_listing ______________________
tests\test_dashboard_phase13.py:175: in test_10_fusion_assessments_listing
    assert response.status_code == 200
E   assert 404 == 200
E    +  where 404 = <Response [404 Not Found]>.status_code
---------------------------- Captured stdout call -----------------------------
{"timestamp": "2026-09-20T21:23:49.040345+00:00", "level": "ERROR", "logger": "trust_cv", "message": "HTTP exception occurred: Not Found", "taskName": "anyio.from_thread.BlockingPortal._call_func", "status_code": 404, "path": "/api/v1/fusion/assessments"}
{"timestamp": "2026-09-20T21:23:49.041773+00:00", "level": "INFO", "logger": "httpx", "message": "HTTP Request: GET http://testserver/api/v1/fusion/assessments \"HTTP/1.1 404 Not Found\"", "taskName": null}
------------------------------ Captured log call ------------------------------
ERROR    trust_cv:main.py:98 HTTP exception occurred: Not Found
INFO     httpx:_client.py:1025 HTTP Request: GET http://testserver/api/v1/fusion/assessments "HTTP/1.1 404 Not Found"
____________________________ test_12_graph_export _____________________________
tests\test_dashboard_phase13.py:214: in test_12_graph_export
    assert "signature" in data["data"]
E   AssertionError: assert 'signature' in {'nodes': [{'id': 'ds_bigearthnet_01', 'node_type': 'DATASET', 'label': 'BigEarthNet-S2 Sentinel', 'digest': None, ...}, {'id': 'model_eo_classifier', 'node_type': 'MODEL', 'label': 'EO LandCover Model', 'digest': None, ...}, {'id': 'patch_S2A_101', 'node_type': 'DATASET', 'label': 'Patch S2A_101', 'digest': None, ...}], 'edges': [], 'node_count': 3, 'edge_count': 0, ...}
---------------------------- Captured stdout call -----------------------------
{"timestamp": "2026-09-20T21:23:49.102537+00:00", "level": "INFO", "logger": "httpx", "message": "HTTP Request: GET http://testserver/api/v1/graph/export?sign=true \"HTTP/1.1 200 OK\"", "taskName": null}
------------------------------ Captured log call ------------------------------
INFO     httpx:_client.py:1025 HTTP Request: GET http://testserver/api/v1/graph/export?sign=true "HTTP/1.1 200 OK"
______________________ test_15_blast_radius_calculation _______________________
tests\test_dashboard_phase13.py:267: in test_15_blast_radius_calculation
    assert ("downstream_nodes" in data) or ("affected_nodes" in data)
E   AssertionError: assert ('downstream_nodes' in {'root_cause_id': 'ds_bigearthnet_01', 'root_cause_type': 'DATASET', 'status': 'ACCEPTED', 'directly_affected_count': 0, ...} or 'affected_nodes' in {'root_cause_id': 'ds_bigearthnet_01', 'root_cause_type': 'DATASET', 'status': 'ACCEPTED', 'directly_affected_count': 0, ...})
---------------------------- Captured stdout call -----------------------------
{"timestamp": "2026-09-20T21:23:49.148231+00:00", "level": "INFO", "logger": "httpx", "message": "HTTP Request: GET http://testserver/api/v1/graph/export \"HTTP/1.1 200 OK\"", "taskName": null}
{"timestamp": "2026-09-20T21:23:49.153234+00:00", "level": "INFO", "logger": "httpx", "message": "HTTP Request: POST http://testserver/api/v1/graph/blast-radius \"HTTP/1.1 200 OK\"", "taskName": null}
------------------------------ Captured log call ------------------------------
INFO     httpx:_client.py:1025 HTTP Request: GET http://testserver/api/v1/graph/export "HTTP/1.1 200 OK"
INFO     httpx:_client.py:1025 HTTP Request: POST http://testserver/api/v1/graph/blast-radius "HTTP/1.1 200 OK"
______________________ test_16_contributor_risk_profile _______________________
tests\test_dashboard_phase13.py:283: in test_16_contributor_risk_profile
    assert "empirical" in data["data"]["explanation"].lower() or "audit" in data["data"]["explanation"].lower()
E   AssertionError: assert ('empirical' in 'contributor risk scorecard computed from 0 datasets and 0 samples. observed 0 attached verification findings (critical: 0, high: 0, medium: 0, low: 0). this statistical evaluation reflects historical artifact verification and is not an assertion of malicious intent.' or 'audit' in 'contributor risk scorecard computed from 0 datasets and 0 samples. observed 0 attached verification findings (critical: 0, high: 0, medium: 0, low: 0). this statistical evaluation reflects historical artifact verification and is not an assertion of malicious intent.')
E    +  where 'contributor risk scorecard computed from 0 datasets and 0 samples. observed 0 attached verification findings (critical: 0, high: 0, medium: 0, low: 0). this statistical evaluation reflects historical artifact verification and is not an assertion of malicious intent.' = <built-in method lower of str object at 0x0000018E31C3FEB0>()
E    +    where <built-in method lower of str object at 0x0000018E31C3FEB0> = 'Contributor risk scorecard computed from 0 datasets and 0 samples. Observed 0 attached verification findings (CRITICAL: 0, HIGH: 0, MEDIUM: 0, LOW: 0). This statistical evaluation reflects historical artifact verification and is not an assertion of malicious intent.'.lower
E    +  and   'contributor risk scorecard computed from 0 datasets and 0 samples. observed 0 attached verification findings (critical: 0, high: 0, medium: 0, low: 0). this statistical evaluation reflects historical artifact verification and is not an assertion of malicious intent.' = <built-in method lower of str object at 0x0000018E31C3FEB0>()
E    +    where <built-in method lower of str object at 0x0000018E31C3FEB0> = 'Contributor risk scorecard computed from 0 datasets and 0 samples. Observed 0 attached verification findings (CRITICAL: 0, HIGH: 0, MEDIUM: 0, LOW: 0). This statistical evaluation reflects historical artifact verification and is not an assertion of malicious intent.'.lower
---------------------------- Captured stdout call -----------------------------
{"timestamp": "2026-09-20T21:23:49.171162+00:00", "level": "INFO", "logger": "httpx", "message": "HTTP Request: GET http://testserver/api/v1/graph/contributors/contributor_alpha_01/risk?name=AlphaDefense \"HTTP/1.1 200 OK\"", "taskName": null}
------------------------------ Captured log call ------------------------------
INFO     httpx:_client.py:1025 HTTP Request: GET http://testserver/api/v1/graph/contributors/contributor_alpha_01/risk?name=AlphaDefense "HTTP/1.1 200 OK"
___________________ test_17_redteam_scorecard_and_coverage ____________________
tests\test_dashboard_phase13.py:293: in test_17_redteam_scorecard_and_coverage
    assert res_scorecard.status_code == 200
E   assert 404 == 200
E    +  where 404 = <Response [404 Not Found]>.status_code
---------------------------- Captured stdout call -----------------------------
{"timestamp": "2026-09-20T21:23:49.185277+00:00", "level": "ERROR", "logger": "trust_cv", "message": "HTTP exception occurred: Not Found", "taskName": "anyio.from_thread.BlockingPortal._call_func", "status_code": 404, "path": "/api/v1/redteam/scorecard"}
{"timestamp": "2026-09-20T21:23:49.186835+00:00", "level": "INFO", "logger": "httpx", "message": "HTTP Request: GET http://testserver/api/v1/redteam/scorecard \"HTTP/1.1 404 Not Found\"", "taskName": null}
------------------------------ Captured log call ------------------------------
ERROR    trust_cv:main.py:98 HTTP exception occurred: Not Found
INFO     httpx:_client.py:1025 HTTP Request: GET http://testserver/api/v1/redteam/scorecard "HTTP/1.1 404 Not Found"
___________________________ test_18_report_listing ____________________________
tests\test_dashboard_phase13.py:311: in test_18_report_listing
    assert response.status_code == 200
E   assert 404 == 200
E    +  where 404 = <Response [404 Not Found]>.status_code
---------------------------- Captured stdout call -----------------------------
{"timestamp": "2026-09-20T21:23:49.201675+00:00", "level": "ERROR", "logger": "trust_cv", "message": "HTTP exception occurred: Not Found", "taskName": "anyio.from_thread.BlockingPortal._call_func", "status_code": 404, "path": "/api/v1/reports"}
[...]
  File "C:\Users\sce24\AppData\Local\Programs\Python\Python313\Lib\site-packages\httpx\_client.py", line 942, in _send_handling_auth
    response = self._send_handling_redirects(
  File "C:\Users\sce24\AppData\Local\Programs\Python\Python313\Lib\site-packages\httpx\_client.py", line 979, in _send_handling_redirects
    response = self._send_single_request(request)
  File "C:\Users\sce24\AppData\Local\Programs\Python\Python313\Lib\site-packages\httpx\_client.py", line 1025, in _send_single_request
    logger.info(
Message: 'HTTP Request: %s %s "%s %d %s"'
Arguments: ('POST', URL('http://testserver/api/v1/datasets/upload'), 'HTTP/1.1', 200, 'OK')
------------------------------ Captured log call ------------------------------
INFO     httpx:_client.py:1025 HTTP Request: POST http://testserver/api/v1/datasets/upload "HTTP/1.1 200 OK"
__________ test_upload_preserves_nested_subfolders_without_collision __________
tests\test_upload_limits.py:144: in test_upload_preserves_nested_subfolders_without_collision
    assert data["data"]["sample_count"] == 2
           ^^^^^^^^^^^^^^^^^^^^^^^^^^^^
E   KeyError: 'sample_count'
---------------------------- Captured stderr call -----------------------------
--- Logging error ---
Traceback (most recent call last):
  File "C:\Users\sce24\AppData\Local\Programs\Python\Python313\Lib\logging\__init__.py", line 1154, in emit
    stream.write(msg + self.terminator)
    ~~~~~~~~~~~~^^^^^^^^^^^^^^^^^^^^^^^
ValueError: I/O operation on closed file.
Call stack:
  File "<frozen runpy>", line 198, in _run_module_as_main
  File "<frozen runpy>", line 88, in _run_code
  File "C:\Users\sce24\AppData\Local\Programs\Python\Python313\Lib\site-packages\pytest\__main__.py", line 9, in <module>
    raise SystemExit(_console_main())
  File "C:\Users\sce24\AppData\Local\Programs\Python\Python313\Lib\site-packages\_pytest\config\__init__.py", line 253, in _console_main
    code = _main(prog=_get_prog_name(sys.argv))
  File "C:\Users\sce24\AppData\Local\Programs\Python\Python313\Lib\site-packages\_pytest\config\__init__.py", line 229, in _main
    ret: ExitCode | int = config.hook.pytest_cmdline_main(config=config)
  File "C:\Users\sce24\AppData\Local\Programs\Python\Python313\Lib\site-packages\pluggy\_hooks.py", line 512, in __call__
    return self._hookexec(self.name, self._hookimpls.copy(), kwargs, firstresult)
  File "C:\Users\sce24\AppData\Local\Programs\Python\Python313\Lib\site-packages\pluggy\_manager.py", line 120, in _hookexec
    return self._inner_hookexec(hook_name, methods, kwargs, firstresult)
  File "C:\Users\sce24\AppData\Local\Programs\Python\Python313\Lib\site-packages\pluggy\_callers.py", line 121, in _multicall
    res = hook_impl.function(*args)
  File "C:\Users\sce24\AppData\Local\Programs\Python\Python313\Lib\site-packages\_pytest\main.py", line 377, in pytest_cmdline_main
    return wrap_session(config, _main)
  File "C:\Users\sce24\AppData\Local\Programs\Python\Python313\Lib\site-packages\_pytest\main.py", line 330, in wrap_session
    session.exitstatus = doit(config, session) or 0
  File "C:\Users\sce24\AppData\Local\Programs\Python\Python313\Lib\site-packages\_pytest\main.py", line 384, in _main
    config.hook.pytest_runtestloop(session=session)
  File "C:\Users\sce24\AppData\Local\Programs\Python\Python313\Lib\site-packages\pluggy\_hooks.py", line 512, in __call__
    return self._hookexec(self.name, self._hookimpls.copy(), kwargs, firstresult)
  File "C:\Users\sce24\AppData\Local\Programs\Python\Python313\Lib\site-packages\pluggy\_manager.py", line 120, in _hookexec
    return self._inner_hookexec(hook_name, methods, kwargs, firstresult)
  File "C:\Users\sce24\AppData\Local\Programs\Python\Python313\Lib\site-packages\pluggy\_callers.py", line 121, in _multicall
    res = hook_impl.function(*args)
  File "C:\Users\sce24\AppData\Local\Programs\Python\Python313\Lib\site-packages\_pytest\main.py", line 408, in pytest_runtestloop
    item.config.hook.pytest_runtest_protocol(item=item, nextitem=nextitem)
  File "C:\Users\sce24\AppData\Local\Programs\Python\Python313\Lib\site-packages\pluggy\_hooks.py", line 512, in __call__
    return self._hookexec(self.name, self._hookimpls.copy(), kwargs, firstresult)
  File "C:\Users\sce24\AppData\Local\Programs\Python\Python313\Lib\site-packages\pluggy\_manager.py", line 120, in _hookexec
    return self._inner_hookexec(hook_name, methods, kwargs, firstresult)
  File "C:\Users\sce24\AppData\Local\Programs\Python\Python313\Lib\site-packages\pluggy\_callers.py", line 121, in _multicall
    res = hook_impl.function(*args)
  File "C:\Users\sce24\AppData\Local\Programs\Python\Python313\Lib\site-packages\_pytest\runner.py", line 118, in pytest_runtest_protocol
    runtestprotocol(item, nextitem=nextitem)
  File "C:\Users\sce24\AppData\Local\Programs\Python\Python313\Lib\site-packages\_pytest\runner.py", line 139, in runtestprotocol
    reports.append(call_and_report(item, "call", log))
  File "C:\Users\sce24\AppData\Local\Programs\Python\Python313\Lib\site-packages\_pytest\runner.py", line 249, in call_and_report
    call = CallInfo.from_call(
  File "C:\Users\sce24\AppData\Local\Programs\Python\Python313\Lib\site-packages\_pytest\runner.py", line 361, in from_call
    result: TResult | None = func()
  File "C:\Users\sce24\AppData\Local\Programs\Python\Python313\Lib\site-packages\_pytest\runner.py", line 250, in <lambda>
    lambda: runtest_hook(item=item, **kwds),
  File "C:\Users\sce24\AppData\Local\Programs\Python\Python313\Lib\site-packages\pluggy\_hooks.py", line 512, in __call__
    return self._hookexec(self.name, self._hookimpls.copy(), kwargs, firstresult)
  File "C:\Users\sce24\AppData\Local\Programs\Python\Python313\Lib\site-packages\pluggy\_manager.py", line 120, in _hookexec
    return self._inner_hookexec(hook_name, methods, kwargs, firstresult)
  File "C:\Users\sce24\AppData\Local\Programs\Python\Python313\Lib\site-packages\pluggy\_callers.py", line 121, in _multicall
    res = hook_impl.function(*args)
  File "C:\Users\sce24\AppData\Local\Programs\Python\Python313\Lib\site-packages\_pytest\runner.py", line 184, in pytest_runtest_call
    item.runtest()
  File "C:\Users\sce24\AppData\Local\Programs\Python\Python313\Lib\site-packages\_pytest\python.py", line 1707, in runtest
    self.ihook.pytest_pyfunc_call(pyfuncitem=self)
  File "C:\Users\sce24\AppData\Local\Programs\Python\Python313\Lib\site-packages\pluggy\_hooks.py", line 512, in __call__
    return self._hookexec(self.name, self._hookimpls.copy(), kwargs, firstresult)
  File "C:\Users\sce24\AppData\Local\Programs\Python\Python313\Lib\site-packages\pluggy\_manager.py", line 120, in _hookexec
    return self._inner_hookexec(hook_name, methods, kwargs, firstresult)
  File "C:\Users\sce24\AppData\Local\Programs\Python\Python313\Lib\site-packages\pluggy\_callers.py", line 121, in _multicall
    res = hook_impl.function(*args)
  File "C:\Users\sce24\AppData\Local\Programs\Python\Python313\Lib\site-packages\_pytest\python.py", line 167, in pytest_pyfunc_call
    result = testfunction(**testargs)
  File "C:\Users\sce24\Desktop\sih-project\Block-Sentinal\backend\tests\test_upload_limits.py", line 140, in test_upload_preserves_nested_subfolders_without_collision
    response = client.post("/api/v1/datasets/upload", files=files)
  File "C:\Users\sce24\AppData\Local\Programs\Python\Python313\Lib\site-packages\starlette\testclient.py", line 556, in post
    return super().post(
  File "C:\Users\sce24\AppData\Local\Programs\Python\Python313\Lib\site-packages\httpx\_client.py", line 1144, in post
    return self.request(
  File "C:\Users\sce24\AppData\Local\Programs\Python\Python313\Lib\site-packages\starlette\testclient.py", line 455, in request
    return super().request(
  File "C:\Users\sce24\AppData\Local\Programs\Python\Python313\Lib\site-packages\httpx\_client.py", line 825, in request
    return self.send(request, auth=auth, follow_redirects=follow_redirects)
  File "C:\Users\sce24\AppData\Local\Programs\Python\Python313\Lib\site-packages\httpx\_client.py", line 914, in send
    response = self._send_handling_auth(
  File "C:\Users\sce24\AppData\Local\Programs\Python\Python313\Lib\site-packages\httpx\_client.py", line 942, in _send_handling_auth
    response = self._send_handling_redirects(
  File "C:\Users\sce24\AppData\Local\Programs\Python\Python313\Lib\site-packages\httpx\_client.py", line 979, in _send_handling_redirects
    response = self._send_single_request(request)
  File "C:\Users\sce24\AppData\Local\Programs\Python\Python313\Lib\site-packages\httpx\_client.py", line 1025, in _send_single_request
    logger.info(
Message: 'HTTP Request: %s %s "%s %d %s"'
Arguments: ('POST', URL('http://testserver/api/v1/datasets/upload'), 'HTTP/1.1', 200, 'OK')
------------------------------ Captured log call ------------------------------
INFO     httpx:_client.py:1025 HTTP Request: POST http://testserver/api/v1/datasets/upload "HTTP/1.1 200 OK"
============================== warnings summary ===============================
..\..\..\..\AppData\Local\Programs\Python\Python313\Lib\site-packages\fastapi\testclient.py:1
  C:\Users\sce24\AppData\Local\Programs\Python\Python313\Lib\site-packages\fastapi\testclient.py:1: StarletteDeprecationWarning: Using `httpx` with `starlette.testclient` is deprecated; install `httpx2` instead.
    from starlette.testclient import TestClient as TestClient  # noqa

-- Docs: https://docs.pytest.org/en/stable/how-to/capture-warnings.html
=========================== short test summary info ===========================
FAILED tests\test_bigearthnet_phase15.py::test_08_dataset_ingestion_and_merkle_sealing
FAILED tests\test_bigearthnet_phase15.py::test_12_perceptual_hashing_and_duplicate_patch_detection
FAILED tests\test_bigearthnet_phase15.py::test_15_provenance_graph_lineage_bigearthnet
FAILED tests\test_bigearthnet_phase15.py::test_17_api_bigearthnet_inspect_endpoint
FAILED tests\test_bigearthnet_phase15.py::test_18_api_bigearthnet_ingest_endpoint
FAILED tests\test_bigearthnet_phase15.py::test_20_air_gap_zero_network_execution_eo_pipeline
FAILED tests\test_dashboard.py::test_investigate_entity_lineage - AssertionEr...
FAILED tests\test_dashboard_phase13.py::test_03_dataset_listing - assert 404 ...
FAILED tests\test_dashboard_phase13.py::test_05_model_listing - assert 404 ==...
FAILED tests\test_dashboard_phase13.py::test_07_inference_records_listing - a...
FAILED tests\test_dashboard_phase13.py::test_08_drift_baselines_and_reports
FAILED tests\test_dashboard_phase13.py::test_09_evidence_registry_listing - a...
FAILED tests\test_dashboard_phase13.py::test_10_fusion_assessments_listing - ...
FAILED tests\test_dashboard_phase13.py::test_12_graph_export - AssertionError...
FAILED tests\test_dashboard_phase13.py::test_15_blast_radius_calculation - As...
FAILED tests\test_dashboard_phase13.py::test_16_contributor_risk_profile - As...
FAILED tests\test_dashboard_phase13.py::test_17_redteam_scorecard_and_coverage
FAILED tests\test_dashboard_phase13.py::test_18_report_listing - assert 404 =...
FAILED tests\test_e2e_pipeline.py::test_full_lifecycle_clean_asset_acceptance
FAILED tests\test_e2e_pipeline.py::test_full_lifecycle_attack_interception_and_quarantine
FAILED tests\test_final_delivery_phase16.py::test_01_clean_environment_initialization
FAILED tests\test_final_delivery_phase16.py::test_02_full_pipeline_demo_script_execution
FAILED tests\test_final_delivery_phase16.py::test_06_model_weight_tamper_and_hard_veto
FAILED tests\test_final_delivery_phase16.py::test_07_inference_dna_replay_detection
FAILED tests\test_final_delivery_phase16.py::test_11_readiness_probe_all_subsystems_healthy
FAILED tests\test_fingerprint_phase6.py::test_pytorch_model_behavioral_execution
FAILED tests\test_fingerprint_phase6.py::test_fingerprint_reproducibility_and_canonical_digest
FAILED tests\test_fingerprint_phase6.py::test_behavioral_divergence_on_tampered_model
FAILED tests\test_fingerprint_phase6.py::test_benign_numerical_tolerance - At...
FAILED tests\test_fingerprint_phase6.py::test_api_fingerprint_endpoints_phase6
FAILED tests\test_fingerprint_phase6.py::test_cli_fingerprint_and_verify_behavior
FAILED tests\test_hardening_phase14.py::test_03_model_inspection_and_deserialization_safety
FAILED tests\test_hardening_phase14.py::test_07_api_malformed_input_rejection
FAILED tests\test_hardening_phase14.py::test_08_database_wal_mode_and_persistence
FAILED tests\test_hardening_phase14.py::test_09_subsystem_readiness_probe - K...
FAILED tests\test_hardening_phase14.py::test_13_hard_veto_enforcement - Asser...
FAILED tests\test_hardening_phase14.py::test_17_replay_defense_with_duplicate_nonces
FAILED tests\test_inference.py::test_api_inference_flow_execute_and_verify - ...
FAILED tests\test_inference_phase7.py::test_rest_api_chain_verification_endpoint
FAILED tests\test_inference_phase7.py::test_rest_api_get_record_by_id - asser...
FAILED tests\test_models_phase5.py::test_pytorch_model_ingestion_and_layer_hashing
FAILED tests\test_models_phase5.py::test_single_weight_tampering_detection - ...
FAILED tests\test_models_phase5.py::test_architecture_modification_tampering_detection
FAILED tests\test_models_phase5.py::test_model_substitution_detection - Value...
FAILED tests\test_models_phase5.py::test_deserialization_safety_and_malformed_inputs
FAILED tests\test_models_phase5.py::test_api_models_endpoints_phase5 - assert...
FAILED tests\test_models_phase5.py::test_cli_model_ingest_and_verify - assert...
FAILED tests\test_redteam.py::test_backdoor_trigger_injection_and_detection
FAILED tests\test_redteam.py::test_sample_corruption_and_detection - Assertio...
FAILED tests\test_redteam.py::test_model_weight_tampering_and_detection - Val...
FAILED tests\test_redteam.py::test_api_redteam_endpoints - assert False is True
FAILED tests\test_redteam_phase11.py::test_01_scenario_registration - pydanti...
FAILED tests\test_redteam_phase11.py::test_02_dataset_byte_tamper - pydantic_...
FAILED tests\test_redteam_phase11.py::test_03_dataset_sample_deletion - pydan...
FAILED tests\test_redteam_phase11.py::test_04_dataset_label_flip - pydantic_c...
FAILED tests\test_redteam_phase11.py::test_05_dataset_duplicate_injection - p...
FAILED tests\test_redteam_phase11.py::test_06_dataset_backdoor_trigger - pyda...
FAILED tests\test_redteam_phase11.py::test_07_model_weight_tamper - pydantic_...
FAILED tests\test_redteam_phase11.py::test_08_model_substitution - pydantic_c...
FAILED tests\test_redteam_phase11.py::test_09_model_signature_tamper - pydant...
FAILED tests\test_redteam_phase11.py::test_10_behavioral_divergence - pydanti...
FAILED tests\test_redteam_phase11.py::test_11_inference_nonce_replay - pydant...
FAILED tests\test_redteam_phase11.py::test_12_inference_hash_chain_break - py...
FAILED tests\test_redteam_phase11.py::test_13_inference_output_tamper - pydan...
FAILED tests\test_redteam_phase11.py::test_14_drift_baseline_tamper - pydanti...
FAILED tests\test_redteam_phase11.py::test_15_drift_benign_shift_isolation - ...
FAILED tests\test_redteam_phase11.py::test_16_evidence_tamper - AttributeErro...
FAILED tests\test_redteam_phase11.py::test_17_fusion_tamper - AttributeError:...
FAILED tests\test_redteam_phase11.py::test_18_quarantine_tamper - pydantic_co...
FAILED tests\test_redteam_phase11.py::test_19_graph_tamper - AttributeError: ...
FAILED tests\test_redteam_phase11.py::test_20_drift_corroborating_attack - py...
FAILED tests\test_redteam_phase11.py::test_21_multi_stage_chain - pydantic_co...
FAILED tests\test_redteam_phase11.py::test_22_evidence_preservation - pydanti...
FAILED tests\test_redteam_phase11.py::test_23_fusion_preservation - pydantic_...
FAILED tests\test_redteam_phase11.py::test_24_quarantine_propagation - pydant...
FAILED tests\test_redteam_phase11.py::test_25_blast_radius_propagation - pyda...
FAILED tests\test_redteam_phase11.py::test_26_false_positive_benign_validation
FAILED tests\test_redteam_phase11.py::test_27_detection_coverage_generation
FAILED tests\test_redteam_phase11.py::test_28_scorecard_generation - pydantic...
FAILED tests\test_redteam_phase11.py::test_29_api_lifecycle - assert 404 == 200
FAILED tests\test_redteam_phase11.py::test_30_cli_lifecycle - assert 1 == 0
FAILED tests\test_redteam_phase11.py::test_31_persistence_across_restart - py...
FAILED tests\test_redteam_phase11.py::test_32_deterministic_execution - pydan...
FAILED tests\test_redteam_phase11.py::test_33_no_mutation_of_reference_artifacts
FAILED tests\test_redteam_phase11.py::test_34_run_all_scenarios - pydantic_co...
FAILED tests\test_reports_phase12.py::test_cli_generate_report - assert 1 == 0
FAILED tests\test_reports_phase12.py::test_api_generate_and_get_report - Asse...
FAILED tests\test_reports_phase12.py::test_export_nonexistent_report_raises_error
FAILED tests\test_upload_limits.py::test_upload_count_boundary_2999 - ImportE...
FAILED tests\test_upload_limits.py::test_upload_count_boundary_3001_rejected
FAILED tests\test_upload_limits.py::test_upload_count_27000_rejected - Import...
FAILED tests\test_upload_limits.py::test_valid_12_band_eo_patch_accepted - Ke...
FAILED tests\test_upload_limits.py::test_upload_1500_files_accepted_by_starlette_multipart_parser
FAILED tests\test_upload_limits.py::test_upload_image_folder_auto_fallback_from_bigearthnet_format
FAILED tests\test_upload_limits.py::test_upload_preserves_nested_subfolders_without_collision
ERROR tests\test_reports.py::test_report_generation_from_assessment - pydanti...
ERROR tests\test_reports.py::test_cryptographic_sealing_and_verification - py...
ERROR tests\test_reports.py::test_tampering_detection - pydantic_core._pydant...
ERROR tests\test_reports.py::test_signature_forgery_detection - pydantic_core...
ERROR tests\test_reports.py::test_markdown_formatting_structure - pydantic_co...
ERROR tests\test_reports.py::test_executive_summary_formatting - pydantic_cor...
ERROR tests\test_reports.py::test_api_reports_endpoints - pydantic_core._pyda...
ERROR tests\test_reports_phase12.py::test_report_generation_from_fused_assessment
ERROR tests\test_reports_phase12.py::test_section_overviews_status_assignment
ERROR tests\test_reports_phase12.py::test_upstream_lineage_and_blast_radius_attachment
ERROR tests\test_reports_phase12.py::test_canonical_digest_sealing_integrity
ERROR tests\test_reports_phase12.py::test_ecdsa_signature_verification_success
ERROR tests\test_reports_phase12.py::test_tamper_detection_altered_verdict - ...
ERROR tests\test_reports_phase12.py::test_tamper_detection_altered_risk_score
ERROR tests\test_reports_phase12.py::test_tamper_detection_altered_hard_veto_flag
ERROR tests\test_reports_phase12.py::test_tamper_detection_altered_findings_summary
ERROR tests\test_reports_phase12.py::test_forged_signature_rejection - TypeEr...
ERROR tests\test_reports_phase12.py::test_wrong_signer_public_key_rejection
ERROR tests\test_reports_phase12.py::test_format_markdown_rendering - TypeErr...
ERROR tests\test_reports_phase12.py::test_format_executive_summary_rendering
ERROR tests\test_reports_phase12.py::test_format_html_rendering - TypeError: ...
ERROR tests\test_reports_phase12.py::test_export_to_file_all_formats - TypeEr...
ERROR tests\test_reports_phase12.py::test_report_persistence_and_list_indexing
ERROR tests\test_reports_phase12.py::test_cli_list_and_show_report - TypeErro...
ERROR tests\test_reports_phase12.py::test_cli_verify_report_valid_and_tampered
ERROR tests\test_reports_phase12.py::test_cli_export_report - TypeError: Assu...
ERROR tests\test_reports_phase12.py::test_tamper_detection_altered_confidence_score
ERROR tests\test_reports_phase12.py::test_tamper_detection_altered_coverage_ratio
ERROR tests\test_reports_phase12.py::test_tamper_detection_altered_target_asset_id
ERROR tests\test_reports_phase12.py::test_tamper_detection_altered_assessment_id
ERROR tests\test_reports_phase12.py::test_tamper_detection_altered_gatekeeper_action
====== 95 failed, 399 passed, 1 warning, 31 errors in 201.08s (0:03:21) =======
